2022.12.10 21:25:05 INFO  ce[][o.s.p.ProcessEntryPoint] Starting Compute Engine
2022.12.10 21:25:05 INFO  ce[][o.s.ce.app.CeServer] Compute Engine starting up...
2022.12.10 21:25:07 INFO  ce[][o.sonar.db.Database] Create JDBC data source for jdbc:h2:tcp://127.0.0.1:9092/sonar;NON_KEYWORDS=VALUE
2022.12.10 21:25:07 INFO  ce[][c.z.h.HikariDataSource] HikariPool-1 - Starting...
2022.12.10 21:25:07 INFO  ce[][c.z.h.p.HikariPool] HikariPool-1 - Added connection conn0: url=jdbc:h2:tcp://127.0.0.1:9092/sonar user=
2022.12.10 21:25:07 INFO  ce[][c.z.h.HikariDataSource] HikariPool-1 - Start completed.
2022.12.10 21:25:07 WARN  ce[][o.s.db.dialect.H2] H2 database should be used for evaluation purpose only.
2022.12.10 21:25:09 INFO  ce[][o.s.s.p.ServerFileSystemImpl] SonarQube home: D:\Facultate\Anul_3\.NET\VetAppointment_S12\sonarqube-9.7.1.62043
2022.12.10 21:25:10 INFO  ce[][o.s.c.c.CePluginRepository] Load plugins
2022.12.10 21:25:19 INFO  ce[][o.s.c.c.ComputeEngineContainerImpl] Running Community edition
2022.12.10 21:25:19 INFO  ce[][o.s.ce.app.CeServer] Compute Engine is started
2022.12.10 21:27:07 INFO  ce[][o.s.p.ProcessEntryPoint] Gracefully stopping process
2022.12.10 21:27:07 INFO  ce[][o.s.ce.app.CeServer] Compute Engine is stopping...
2022.12.10 21:27:07 INFO  ce[][o.s.c.t.CeProcessingSchedulerImpl] Gracefully stopping workers...
2022.12.10 21:27:07 INFO  ce[][c.z.h.HikariDataSource] HikariPool-1 - Shutdown initiated...
2022.12.10 21:27:07 INFO  ce[][c.z.h.HikariDataSource] HikariPool-1 - Shutdown completed.
2022.12.10 21:27:07 INFO  ce[][o.s.ce.app.CeServer] Compute Engine is stopped
2022.12.10 21:30:05 INFO  ce[][o.s.p.ProcessEntryPoint] Starting Compute Engine
2022.12.10 21:30:05 INFO  ce[][o.s.ce.app.CeServer] Compute Engine starting up...
2022.12.10 21:30:06 INFO  ce[][o.sonar.db.Database] Create JDBC data source for jdbc:h2:tcp://127.0.0.1:9092/sonar;NON_KEYWORDS=VALUE
2022.12.10 21:30:06 INFO  ce[][c.z.h.HikariDataSource] HikariPool-1 - Starting...
2022.12.10 21:30:07 INFO  ce[][c.z.h.p.HikariPool] HikariPool-1 - Added connection conn0: url=jdbc:h2:tcp://127.0.0.1:9092/sonar user=
2022.12.10 21:30:07 INFO  ce[][c.z.h.HikariDataSource] HikariPool-1 - Start completed.
2022.12.10 21:30:07 WARN  ce[][o.s.db.dialect.H2] H2 database should be used for evaluation purpose only.
2022.12.10 21:30:09 INFO  ce[][o.s.s.p.ServerFileSystemImpl] SonarQube home: D:\Facultate\Anul_3\.NET\VetAppointment_S12\sonarqube-9.7.1.62043
2022.12.10 21:30:09 INFO  ce[][o.s.c.c.CePluginRepository] Load plugins
2022.12.10 21:30:17 INFO  ce[][o.s.c.c.ComputeEngineContainerImpl] Running Community edition
2022.12.10 21:30:17 INFO  ce[][o.s.ce.app.CeServer] Compute Engine is started
2022.12.10 21:54:40 INFO  ce[][o.s.p.ProcessEntryPoint] Gracefully stopping process
2022.12.10 21:54:40 INFO  ce[][o.s.ce.app.CeServer] Compute Engine is stopping...
2022.12.10 21:54:40 INFO  ce[][o.s.c.t.CeProcessingSchedulerImpl] Gracefully stopping workers...
2022.12.10 21:54:40 INFO  ce[][c.z.h.HikariDataSource] HikariPool-1 - Shutdown initiated...
2022.12.10 21:54:40 INFO  ce[][c.z.h.HikariDataSource] HikariPool-1 - Shutdown completed.
2022.12.10 21:54:40 INFO  ce[][o.s.ce.app.CeServer] Compute Engine is stopped
2022.12.10 21:56:20 INFO  ce[][o.s.p.ProcessEntryPoint] Starting Compute Engine
2022.12.10 21:56:20 INFO  ce[][o.s.ce.app.CeServer] Compute Engine starting up...
2022.12.10 21:56:22 INFO  ce[][o.sonar.db.Database] Create JDBC data source for jdbc:h2:tcp://127.0.0.1:9092/sonar;NON_KEYWORDS=VALUE
2022.12.10 21:56:22 INFO  ce[][c.z.h.HikariDataSource] HikariPool-1 - Starting...
2022.12.10 21:56:22 INFO  ce[][c.z.h.p.HikariPool] HikariPool-1 - Added connection conn0: url=jdbc:h2:tcp://127.0.0.1:9092/sonar user=
2022.12.10 21:56:22 INFO  ce[][c.z.h.HikariDataSource] HikariPool-1 - Start completed.
2022.12.10 21:56:22 WARN  ce[][o.s.db.dialect.H2] H2 database should be used for evaluation purpose only.
2022.12.10 21:56:24 INFO  ce[][o.s.s.p.ServerFileSystemImpl] SonarQube home: D:\Facultate\Anul_3\.NET\VetAppointment_S12\sonarqube-9.7.1.62043
2022.12.10 21:56:24 INFO  ce[][o.s.c.c.CePluginRepository] Load plugins
2022.12.10 21:56:31 INFO  ce[][o.s.c.c.ComputeEngineContainerImpl] Running Community edition
2022.12.10 21:56:31 INFO  ce[][o.s.ce.app.CeServer] Compute Engine is started
2022.12.10 22:07:07 INFO  ce[][o.s.p.ProcessEntryPoint] Gracefully stopping process
2022.12.10 22:07:07 INFO  ce[][o.s.ce.app.CeServer] Compute Engine is stopping...
2022.12.10 22:07:07 INFO  ce[][o.s.c.t.CeProcessingSchedulerImpl] Gracefully stopping workers...
2022.12.10 22:07:07 INFO  ce[][c.z.h.HikariDataSource] HikariPool-1 - Shutdown initiated...
2022.12.10 22:07:07 INFO  ce[][c.z.h.HikariDataSource] HikariPool-1 - Shutdown completed.
2022.12.10 22:07:07 INFO  ce[][o.s.ce.app.CeServer] Compute Engine is stopped
2022.12.10 22:13:44 INFO  ce[][o.s.p.ProcessEntryPoint] Starting Compute Engine
2022.12.10 22:13:44 INFO  ce[][o.s.ce.app.CeServer] Compute Engine starting up...
2022.12.10 22:13:46 INFO  ce[][o.sonar.db.Database] Create JDBC data source for jdbc:h2:tcp://127.0.0.1:9092/sonar;NON_KEYWORDS=VALUE
2022.12.10 22:13:46 INFO  ce[][c.z.h.HikariDataSource] HikariPool-1 - Starting...
2022.12.10 22:13:47 INFO  ce[][c.z.h.p.HikariPool] HikariPool-1 - Added connection conn0: url=jdbc:h2:tcp://127.0.0.1:9092/sonar user=
2022.12.10 22:13:47 INFO  ce[][c.z.h.HikariDataSource] HikariPool-1 - Start completed.
2022.12.10 22:13:47 WARN  ce[][o.s.db.dialect.H2] H2 database should be used for evaluation purpose only.
2022.12.10 22:13:48 INFO  ce[][o.s.s.p.ServerFileSystemImpl] SonarQube home: D:\Facultate\Anul_3\.NET\VetAppointment_S12\sonarqube-9.7.1.62043
2022.12.10 22:13:49 INFO  ce[][o.s.c.c.CePluginRepository] Load plugins
2022.12.10 22:13:56 INFO  ce[][o.s.c.c.ComputeEngineContainerImpl] Running Community edition
2022.12.10 22:13:56 INFO  ce[][o.s.ce.app.CeServer] Compute Engine is started
2022.12.10 22:22:48 INFO  ce[][o.s.c.t.CeWorkerImpl] Execute task | project=VetAppointment | type=REPORT | id=AYT9tF6stI3wON0XoqPi | submitter=admin
2022.12.10 22:22:55 INFO  ce[AYT9tF6stI3wON0XoqPi][o.s.c.t.s.ComputationStepExecutor] Extract report | status=SUCCESS | time=6578ms
2022.12.10 22:22:55 INFO  ce[AYT9tF6stI3wON0XoqPi][o.s.c.t.s.ComputationStepExecutor] Persist scanner context | status=SUCCESS | time=23ms
2022.12.10 22:22:55 INFO  ce[AYT9tF6stI3wON0XoqPi][o.s.c.t.s.ComputationStepExecutor] Propagate analysis warnings from scanner report | status=SUCCESS | time=44ms
2022.12.10 22:22:55 INFO  ce[AYT9tF6stI3wON0XoqPi][o.s.c.t.s.ComputationStepExecutor] Generate analysis UUID | status=SUCCESS | time=0ms
2022.12.10 22:22:55 INFO  ce[AYT9tF6stI3wON0XoqPi][o.s.c.t.s.ComputationStepExecutor] Load analysis metadata | status=SUCCESS | time=182ms
2022.12.10 22:22:55 INFO  ce[AYT9tF6stI3wON0XoqPi][o.s.c.t.s.ComputationStepExecutor] Initialize | status=SUCCESS | time=0ms
2022.12.10 22:22:56 INFO  ce[AYT9tF6stI3wON0XoqPi][o.s.c.t.s.ComputationStepExecutor] Build tree of components | components=130 | status=SUCCESS | time=707ms
2022.12.10 22:22:56 INFO  ce[AYT9tF6stI3wON0XoqPi][o.s.c.t.s.ComputationStepExecutor] Validate project | status=SUCCESS | time=6ms
2022.12.10 22:22:56 INFO  ce[AYT9tF6stI3wON0XoqPi][o.s.s.e.EsClientProvider] Connected to local Elasticsearch: [http://127.0.0.1:8088]
2022.12.10 22:23:02 INFO  ce[AYT9tF6stI3wON0XoqPi][o.s.c.t.s.ComputationStepExecutor] Load quality profiles | status=SUCCESS | time=4873ms
2022.12.10 22:23:02 INFO  ce[AYT9tF6stI3wON0XoqPi][o.s.c.t.s.ComputationStepExecutor] Load file hashes and statuses | status=SUCCESS | time=9ms
2022.12.10 22:23:02 INFO  ce[AYT9tF6stI3wON0XoqPi][o.s.c.t.s.ComputationStepExecutor] Load Quality gate | status=SUCCESS | time=13ms
2022.12.10 22:23:02 INFO  ce[AYT9tF6stI3wON0XoqPi][o.s.c.t.s.ComputationStepExecutor] Load new code period | status=SUCCESS | time=10ms
2022.12.10 22:23:02 INFO  ce[AYT9tF6stI3wON0XoqPi][o.s.c.t.s.ComputationStepExecutor] Detect file moves | status=SUCCESS | time=0ms
2022.12.10 22:23:02 INFO  ce[AYT9tF6stI3wON0XoqPi][o.s.c.t.s.ComputationStepExecutor] Load duplications | duplications=0 | status=SUCCESS | time=60ms
2022.12.10 22:23:02 INFO  ce[AYT9tF6stI3wON0XoqPi][o.s.c.t.s.ComputationStepExecutor] Compute cross project duplications | status=SUCCESS | time=0ms
2022.12.10 22:23:02 INFO  ce[AYT9tF6stI3wON0XoqPi][o.s.c.t.s.ComputationStepExecutor] Compute size measures | status=SUCCESS | time=284ms
2022.12.10 22:23:02 INFO  ce[AYT9tF6stI3wON0XoqPi][o.s.c.t.s.ComputationStepExecutor] Compute new coverage | status=SUCCESS | time=18ms
2022.12.10 22:23:02 INFO  ce[AYT9tF6stI3wON0XoqPi][o.s.c.t.s.ComputationStepExecutor] Compute coverage measures | status=SUCCESS | time=89ms
2022.12.10 22:23:02 INFO  ce[AYT9tF6stI3wON0XoqPi][o.s.c.t.s.ComputationStepExecutor] Compute comment measures | status=SUCCESS | time=14ms
2022.12.10 22:23:02 INFO  ce[AYT9tF6stI3wON0XoqPi][o.s.c.t.s.ComputationStepExecutor] Compute duplication measures | status=SUCCESS | time=7ms
2022.12.10 22:23:02 INFO  ce[AYT9tF6stI3wON0XoqPi][o.s.c.t.s.ComputationStepExecutor] Compute size measures on new code | status=SUCCESS | time=4ms
2022.12.10 22:23:02 INFO  ce[AYT9tF6stI3wON0XoqPi][o.s.c.t.s.ComputationStepExecutor] Compute language distribution | status=SUCCESS | time=97ms
2022.12.10 22:23:02 INFO  ce[AYT9tF6stI3wON0XoqPi][o.s.c.t.s.ComputationStepExecutor] Compute test measures | status=SUCCESS | time=5ms
2022.12.10 22:23:02 INFO  ce[AYT9tF6stI3wON0XoqPi][o.s.c.t.s.ComputationStepExecutor] Compute complexity measures | status=SUCCESS | time=11ms
2022.12.10 22:23:02 INFO  ce[AYT9tF6stI3wON0XoqPi][o.s.c.t.s.ComputationStepExecutor] Load measure computers | status=SUCCESS | time=7ms
2022.12.10 22:23:02 INFO  ce[AYT9tF6stI3wON0XoqPi][o.s.c.t.s.ComputationStepExecutor] Compute Quality Profile status | status=SUCCESS | time=8ms
2022.12.10 22:23:06 INFO  ce[AYT9tF6stI3wON0XoqPi][o.s.c.t.s.ComputationStepExecutor] Execute component visitors | status=SUCCESS | time=3806ms
2022.12.10 22:23:06 INFO  ce[AYT9tF6stI3wON0XoqPi][o.s.c.t.s.ComputationStepExecutor] Checks executed after computation of measures | status=SUCCESS | time=1ms
2022.12.10 22:23:06 INFO  ce[AYT9tF6stI3wON0XoqPi][o.s.c.t.s.ComputationStepExecutor] Compute Quality Gate measures | status=SUCCESS | time=19ms
2022.12.10 22:23:06 INFO  ce[AYT9tF6stI3wON0XoqPi][o.s.c.t.s.ComputationStepExecutor] Compute Quality profile measures | status=SUCCESS | time=15ms
2022.12.10 22:23:06 INFO  ce[AYT9tF6stI3wON0XoqPi][o.s.c.t.s.ComputationStepExecutor] Generate Quality profile events | status=SUCCESS | time=3ms
2022.12.10 22:23:06 INFO  ce[AYT9tF6stI3wON0XoqPi][o.s.c.t.s.ComputationStepExecutor] Generate Quality gate events | status=SUCCESS | time=2ms
2022.12.10 22:23:06 INFO  ce[AYT9tF6stI3wON0XoqPi][o.s.c.t.s.ComputationStepExecutor] Check upgrade possibility for not analyzed code files. | status=SUCCESS | time=2ms
2022.12.10 22:23:06 INFO  ce[AYT9tF6stI3wON0XoqPi][o.s.c.t.s.ComputationStepExecutor] Persist scanner analysis cache | status=SUCCESS | time=0ms
2022.12.10 22:23:07 INFO  ce[AYT9tF6stI3wON0XoqPi][o.s.c.t.s.ComputationStepExecutor] Persist components | status=SUCCESS | time=228ms
2022.12.10 22:23:07 INFO  ce[AYT9tF6stI3wON0XoqPi][o.s.c.t.s.ComputationStepExecutor] Persist analysis | status=SUCCESS | time=7ms
2022.12.10 22:23:07 INFO  ce[AYT9tF6stI3wON0XoqPi][o.s.c.t.s.ComputationStepExecutor] Persist analysis properties | status=SUCCESS | time=136ms
2022.12.10 22:23:07 INFO  ce[AYT9tF6stI3wON0XoqPi][o.s.c.t.s.ComputationStepExecutor] Persist measures | inserts=51 | status=SUCCESS | time=574ms
2022.12.10 22:23:09 INFO  ce[AYT9tF6stI3wON0XoqPi][o.s.c.t.s.ComputationStepExecutor] Persist live measures | insertsOrUpdates=3190 | status=SUCCESS | time=1602ms
2022.12.10 22:23:09 INFO  ce[AYT9tF6stI3wON0XoqPi][o.s.c.t.s.ComputationStepExecutor] Persist duplication data | insertsOrUpdates=0 | status=SUCCESS | time=3ms
2022.12.10 22:23:13 INFO  ce[AYT9tF6stI3wON0XoqPi][o.s.c.t.s.ComputationStepExecutor] Persist new ad hoc Rules | status=SUCCESS | time=3521ms
2022.12.10 22:23:13 INFO  ce[AYT9tF6stI3wON0XoqPi][o.s.c.t.s.ComputationStepExecutor] Persist issues | cacheSize=40.6 kB | inserts=83 | updates=0 | merged=0 | status=SUCCESS | time=58ms
2022.12.10 22:23:13 INFO  ce[AYT9tF6stI3wON0XoqPi][o.s.c.t.s.ComputationStepExecutor] Delete issue changes | changes=0 | status=SUCCESS | time=0ms
2022.12.10 22:23:13 INFO  ce[AYT9tF6stI3wON0XoqPi][o.s.c.t.s.ComputationStepExecutor] Persist project links | status=SUCCESS | time=6ms
2022.12.10 22:23:13 INFO  ce[AYT9tF6stI3wON0XoqPi][o.s.c.t.s.ComputationStepExecutor] Persist events | status=SUCCESS | time=9ms
2022.12.10 22:23:14 INFO  ce[AYT9tF6stI3wON0XoqPi][o.s.c.t.s.ComputationStepExecutor] Persist sources | status=SUCCESS | time=1590ms
2022.12.10 22:23:14 INFO  ce[AYT9tF6stI3wON0XoqPi][o.s.c.t.s.ComputationStepExecutor] Persist cross project duplications | status=SUCCESS | time=0ms
2022.12.10 22:23:14 INFO  ce[AYT9tF6stI3wON0XoqPi][o.s.c.t.s.ComputationStepExecutor] Enable analysis | status=SUCCESS | time=4ms
2022.12.10 22:23:14 INFO  ce[AYT9tF6stI3wON0XoqPi][o.s.c.t.s.ComputationStepExecutor] Update last usage date of quality profiles | status=SUCCESS | time=14ms
2022.12.10 22:23:14 INFO  ce[AYT9tF6stI3wON0XoqPi][o.s.c.t.s.ComputationStepExecutor] Purge db | status=SUCCESS | time=56ms
2022.12.10 22:23:16 INFO  ce[AYT9tF6stI3wON0XoqPi][o.s.c.t.s.ComputationStepExecutor] Index analysis | status=SUCCESS | time=2049ms
2022.12.10 22:23:16 INFO  ce[AYT9tF6stI3wON0XoqPi][o.s.c.t.s.ComputationStepExecutor] Update need issue sync for branch | status=SUCCESS | time=2ms
2022.12.10 22:23:16 INFO  ce[AYT9tF6stI3wON0XoqPi][o.s.c.t.s.ComputationStepExecutor] Publishing taint vulnerabilities events | status=SUCCESS | time=8ms
2022.12.10 22:23:16 INFO  ce[AYT9tF6stI3wON0XoqPi][o.s.c.t.s.ComputationStepExecutor] Send issue notifications | newIssuesNotifs=0 | newIssuesDeliveries=0 | myNewIssuesNotifs=0 | myNewIssuesDeliveries=0 | changesNotifs=0 | changesDeliveries=0 | status=SUCCESS | time=6ms
2022.12.10 22:23:16 INFO  ce[AYT9tF6stI3wON0XoqPi][o.s.c.t.s.ComputationStepExecutor] Publish task results | status=SUCCESS | time=1ms
2022.12.10 22:23:16 INFO  ce[AYT9tF6stI3wON0XoqPi][o.s.c.t.s.ComputationStepExecutor] Trigger refresh of Portfolios and Applications | status=SUCCESS | time=0ms
2022.12.10 22:23:16 INFO  ce[AYT9tF6stI3wON0XoqPi][o.s.c.t.p.a.p.PostProjectAnalysisTasksExecutor] Webhooks | globalWebhooks=0 | projectWebhooks=0 | status=SUCCESS | time=8ms
2022.12.10 22:23:17 INFO  ce[AYT9tF6stI3wON0XoqPi][o.s.c.t.CeWorkerImpl] Executed task | project=VetAppointment | type=REPORT | id=AYT9tF6stI3wON0XoqPi | submitter=admin | status=SUCCESS | time=29542ms
2022.12.10 22:32:01 INFO  ce[][o.s.c.t.CeWorkerImpl] Execute task | project=VetAppointment | type=REPORT | id=AYT9vNFCtI3wON0XoqPm | submitter=admin
2022.12.10 22:32:10 INFO  ce[AYT9vNFCtI3wON0XoqPm][o.s.c.t.s.ComputationStepExecutor] Extract report | status=SUCCESS | time=9103ms
2022.12.10 22:32:10 INFO  ce[AYT9vNFCtI3wON0XoqPm][o.s.c.t.s.ComputationStepExecutor] Persist scanner context | status=SUCCESS | time=12ms
2022.12.10 22:32:10 INFO  ce[AYT9vNFCtI3wON0XoqPm][o.s.c.t.s.ComputationStepExecutor] Propagate analysis warnings from scanner report | status=SUCCESS | time=4ms
2022.12.10 22:32:10 INFO  ce[AYT9vNFCtI3wON0XoqPm][o.s.c.t.s.ComputationStepExecutor] Generate analysis UUID | status=SUCCESS | time=1ms
2022.12.10 22:32:10 INFO  ce[AYT9vNFCtI3wON0XoqPm][o.s.c.t.s.ComputationStepExecutor] Load analysis metadata | status=SUCCESS | time=35ms
2022.12.10 22:32:10 INFO  ce[AYT9vNFCtI3wON0XoqPm][o.s.c.t.s.ComputationStepExecutor] Initialize | status=SUCCESS | time=0ms
2022.12.10 22:32:10 INFO  ce[AYT9vNFCtI3wON0XoqPm][o.s.c.t.s.ComputationStepExecutor] Build tree of components | components=130 | status=SUCCESS | time=135ms
2022.12.10 22:32:10 INFO  ce[AYT9vNFCtI3wON0XoqPm][o.s.c.t.s.ComputationStepExecutor] Validate project | status=SUCCESS | time=4ms
2022.12.10 22:32:16 INFO  ce[AYT9vNFCtI3wON0XoqPm][o.s.c.t.s.ComputationStepExecutor] Load quality profiles | status=SUCCESS | time=5363ms
2022.12.10 22:32:16 INFO  ce[AYT9vNFCtI3wON0XoqPm][o.s.c.t.s.ComputationStepExecutor] Load file hashes and statuses | status=SUCCESS | time=765ms
2022.12.10 22:32:16 INFO  ce[AYT9vNFCtI3wON0XoqPm][o.s.c.t.s.ComputationStepExecutor] Load Quality gate | status=SUCCESS | time=8ms
2022.12.10 22:32:16 INFO  ce[AYT9vNFCtI3wON0XoqPm][o.s.c.t.s.ComputationStepExecutor] Load new code period | status=SUCCESS | time=11ms
2022.12.10 22:32:16 INFO  ce[AYT9vNFCtI3wON0XoqPm][o.s.c.t.s.ComputationStepExecutor] Detect file moves | reportFiles=106 | dbFiles=106 | addedFiles=0 | status=SUCCESS | time=16ms
2022.12.10 22:32:17 INFO  ce[AYT9vNFCtI3wON0XoqPm][o.s.c.t.s.ComputationStepExecutor] Load duplications | duplications=0 | status=SUCCESS | time=52ms
2022.12.10 22:32:17 INFO  ce[AYT9vNFCtI3wON0XoqPm][o.s.c.t.s.ComputationStepExecutor] Compute cross project duplications | status=SUCCESS | time=0ms
2022.12.10 22:32:17 INFO  ce[AYT9vNFCtI3wON0XoqPm][o.s.c.t.s.ComputationStepExecutor] Compute size measures | status=SUCCESS | time=209ms
2022.12.10 22:32:17 INFO  ce[AYT9vNFCtI3wON0XoqPm][o.s.c.t.s.ComputationStepExecutor] Compute new coverage | status=SUCCESS | time=589ms
2022.12.10 22:32:17 INFO  ce[AYT9vNFCtI3wON0XoqPm][o.s.c.t.s.ComputationStepExecutor] Compute coverage measures | status=SUCCESS | time=86ms
2022.12.10 22:32:17 INFO  ce[AYT9vNFCtI3wON0XoqPm][o.s.c.t.s.ComputationStepExecutor] Compute comment measures | status=SUCCESS | time=3ms
2022.12.10 22:32:17 INFO  ce[AYT9vNFCtI3wON0XoqPm][o.s.c.t.s.ComputationStepExecutor] Compute duplication measures | status=SUCCESS | time=2ms
2022.12.10 22:32:18 INFO  ce[AYT9vNFCtI3wON0XoqPm][o.s.c.t.s.ComputationStepExecutor] Compute size measures on new code | status=SUCCESS | time=126ms
2022.12.10 22:32:18 INFO  ce[AYT9vNFCtI3wON0XoqPm][o.s.c.t.s.ComputationStepExecutor] Compute language distribution | status=SUCCESS | time=12ms
2022.12.10 22:32:18 INFO  ce[AYT9vNFCtI3wON0XoqPm][o.s.c.t.s.ComputationStepExecutor] Compute test measures | status=SUCCESS | time=2ms
2022.12.10 22:32:18 INFO  ce[AYT9vNFCtI3wON0XoqPm][o.s.c.t.s.ComputationStepExecutor] Compute complexity measures | status=SUCCESS | time=10ms
2022.12.10 22:32:18 INFO  ce[AYT9vNFCtI3wON0XoqPm][o.s.c.t.s.ComputationStepExecutor] Load measure computers | status=SUCCESS | time=0ms
2022.12.10 22:32:18 INFO  ce[AYT9vNFCtI3wON0XoqPm][o.s.c.t.s.ComputationStepExecutor] Compute Quality Profile status | status=SUCCESS | time=14ms
2022.12.10 22:32:20 INFO  ce[AYT9vNFCtI3wON0XoqPm][o.s.c.t.s.ComputationStepExecutor] Execute component visitors | status=SUCCESS | time=2472ms
2022.12.10 22:32:20 INFO  ce[AYT9vNFCtI3wON0XoqPm][o.s.c.t.s.ComputationStepExecutor] Checks executed after computation of measures | status=SUCCESS | time=0ms
2022.12.10 22:32:20 INFO  ce[AYT9vNFCtI3wON0XoqPm][o.s.c.t.s.ComputationStepExecutor] Compute Quality Gate measures | status=SUCCESS | time=6ms
2022.12.10 22:32:20 INFO  ce[AYT9vNFCtI3wON0XoqPm][o.s.c.t.s.ComputationStepExecutor] Compute Quality profile measures | status=SUCCESS | time=1ms
2022.12.10 22:32:20 INFO  ce[AYT9vNFCtI3wON0XoqPm][o.s.c.t.s.ComputationStepExecutor] Generate Quality profile events | status=SUCCESS | time=8ms
2022.12.10 22:32:20 INFO  ce[AYT9vNFCtI3wON0XoqPm][o.s.c.t.s.ComputationStepExecutor] Generate Quality gate events | status=SUCCESS | time=5ms
2022.12.10 22:32:20 INFO  ce[AYT9vNFCtI3wON0XoqPm][o.s.c.t.s.ComputationStepExecutor] Check upgrade possibility for not analyzed code files. | status=SUCCESS | time=0ms
2022.12.10 22:32:20 INFO  ce[AYT9vNFCtI3wON0XoqPm][o.s.c.t.s.ComputationStepExecutor] Persist scanner analysis cache | status=SUCCESS | time=0ms
2022.12.10 22:32:20 INFO  ce[AYT9vNFCtI3wON0XoqPm][o.s.c.t.s.ComputationStepExecutor] Persist components | status=SUCCESS | time=50ms
2022.12.10 22:32:20 INFO  ce[AYT9vNFCtI3wON0XoqPm][o.s.c.t.s.ComputationStepExecutor] Persist analysis | status=SUCCESS | time=2ms
2022.12.10 22:32:20 INFO  ce[AYT9vNFCtI3wON0XoqPm][o.s.c.t.s.ComputationStepExecutor] Persist analysis properties | status=SUCCESS | time=4ms
2022.12.10 22:32:20 INFO  ce[AYT9vNFCtI3wON0XoqPm][o.s.c.t.s.ComputationStepExecutor] Persist measures | inserts=53 | status=SUCCESS | time=20ms
2022.12.10 22:32:22 INFO  ce[AYT9vNFCtI3wON0XoqPm][o.s.c.t.s.ComputationStepExecutor] Persist live measures | insertsOrUpdates=4563 | status=SUCCESS | time=2018ms
2022.12.10 22:32:22 INFO  ce[AYT9vNFCtI3wON0XoqPm][o.s.c.t.s.ComputationStepExecutor] Persist duplication data | insertsOrUpdates=0 | status=SUCCESS | time=0ms
2022.12.10 22:32:27 INFO  ce[AYT9vNFCtI3wON0XoqPm][o.s.c.t.s.ComputationStepExecutor] Persist new ad hoc Rules | status=SUCCESS | time=4325ms
2022.12.10 22:32:27 INFO  ce[AYT9vNFCtI3wON0XoqPm][o.s.c.t.s.ComputationStepExecutor] Persist issues | cacheSize=0 bytes | inserts=0 | updates=0 | merged=0 | status=SUCCESS | time=6ms
2022.12.10 22:32:27 INFO  ce[AYT9vNFCtI3wON0XoqPm][o.s.c.t.s.ComputationStepExecutor] Delete issue changes | changes=0 | status=SUCCESS | time=0ms
2022.12.10 22:32:27 INFO  ce[AYT9vNFCtI3wON0XoqPm][o.s.c.t.s.ComputationStepExecutor] Persist project links | status=SUCCESS | time=3ms
2022.12.10 22:32:27 INFO  ce[AYT9vNFCtI3wON0XoqPm][o.s.c.t.s.ComputationStepExecutor] Persist events | status=SUCCESS | time=4ms
2022.12.10 22:32:28 INFO  ce[AYT9vNFCtI3wON0XoqPm][o.s.c.t.s.ComputationStepExecutor] Persist sources | status=SUCCESS | time=1496ms
2022.12.10 22:32:28 INFO  ce[AYT9vNFCtI3wON0XoqPm][o.s.c.t.s.ComputationStepExecutor] Persist cross project duplications | status=SUCCESS | time=1ms
2022.12.10 22:32:28 INFO  ce[AYT9vNFCtI3wON0XoqPm][o.s.c.t.s.ComputationStepExecutor] Enable analysis | status=SUCCESS | time=2ms
2022.12.10 22:32:28 INFO  ce[AYT9vNFCtI3wON0XoqPm][o.s.c.t.s.ComputationStepExecutor] Update last usage date of quality profiles | status=SUCCESS | time=5ms
2022.12.10 22:32:28 INFO  ce[AYT9vNFCtI3wON0XoqPm][o.s.c.t.s.ComputationStepExecutor] Purge db | status=SUCCESS | time=26ms
2022.12.10 22:32:30 INFO  ce[AYT9vNFCtI3wON0XoqPm][o.s.c.t.s.ComputationStepExecutor] Index analysis | status=SUCCESS | time=2003ms
2022.12.10 22:32:30 INFO  ce[AYT9vNFCtI3wON0XoqPm][o.s.c.t.s.ComputationStepExecutor] Update need issue sync for branch | status=SUCCESS | time=1ms
2022.12.10 22:32:30 INFO  ce[AYT9vNFCtI3wON0XoqPm][o.s.c.t.s.ComputationStepExecutor] Publishing taint vulnerabilities events | status=SUCCESS | time=0ms
2022.12.10 22:32:30 INFO  ce[AYT9vNFCtI3wON0XoqPm][o.s.c.t.s.ComputationStepExecutor] Send issue notifications | newIssuesNotifs=0 | newIssuesDeliveries=0 | myNewIssuesNotifs=0 | myNewIssuesDeliveries=0 | changesNotifs=0 | changesDeliveries=0 | status=SUCCESS | time=3ms
2022.12.10 22:32:30 INFO  ce[AYT9vNFCtI3wON0XoqPm][o.s.c.t.s.ComputationStepExecutor] Publish task results | status=SUCCESS | time=0ms
2022.12.10 22:32:30 INFO  ce[AYT9vNFCtI3wON0XoqPm][o.s.c.t.s.ComputationStepExecutor] Trigger refresh of Portfolios and Applications | status=SUCCESS | time=0ms
2022.12.10 22:32:30 INFO  ce[AYT9vNFCtI3wON0XoqPm][o.s.c.t.p.a.p.PostProjectAnalysisTasksExecutor] Webhooks | globalWebhooks=0 | projectWebhooks=0 | status=SUCCESS | time=3ms
2022.12.10 22:32:31 INFO  ce[AYT9vNFCtI3wON0XoqPm][o.s.c.t.CeWorkerImpl] Executed task | project=VetAppointment | type=REPORT | id=AYT9vNFCtI3wON0XoqPm | submitter=admin | status=SUCCESS | time=30312ms
2022.12.10 22:59:21 INFO  ce[][o.s.c.t.CeWorkerImpl] Execute task | project=VetAppointment | type=REPORT | id=AYT91dRKtI3wON0XoqPn | submitter=admin
2022.12.10 22:59:30 INFO  ce[AYT91dRKtI3wON0XoqPn][o.s.c.t.s.ComputationStepExecutor] Extract report | status=SUCCESS | time=8994ms
2022.12.10 22:59:30 INFO  ce[AYT91dRKtI3wON0XoqPn][o.s.c.t.s.ComputationStepExecutor] Persist scanner context | status=SUCCESS | time=18ms
2022.12.10 22:59:30 INFO  ce[AYT91dRKtI3wON0XoqPn][o.s.c.t.s.ComputationStepExecutor] Propagate analysis warnings from scanner report | status=SUCCESS | time=5ms
2022.12.10 22:59:30 INFO  ce[AYT91dRKtI3wON0XoqPn][o.s.c.t.s.ComputationStepExecutor] Generate analysis UUID | status=SUCCESS | time=0ms
2022.12.10 22:59:30 INFO  ce[AYT91dRKtI3wON0XoqPn][o.s.c.t.s.ComputationStepExecutor] Load analysis metadata | status=SUCCESS | time=4ms
2022.12.10 22:59:30 INFO  ce[AYT91dRKtI3wON0XoqPn][o.s.c.t.s.ComputationStepExecutor] Initialize | status=SUCCESS | time=0ms
2022.12.10 22:59:31 INFO  ce[AYT91dRKtI3wON0XoqPn][o.s.c.t.s.ComputationStepExecutor] Build tree of components | components=130 | status=SUCCESS | time=179ms
2022.12.10 22:59:31 INFO  ce[AYT91dRKtI3wON0XoqPn][o.s.c.t.s.ComputationStepExecutor] Validate project | status=SUCCESS | time=3ms
2022.12.10 22:59:33 INFO  ce[AYT91dRKtI3wON0XoqPn][o.s.c.t.s.ComputationStepExecutor] Load quality profiles | status=SUCCESS | time=2868ms
2022.12.10 22:59:34 INFO  ce[AYT91dRKtI3wON0XoqPn][o.s.c.t.s.ComputationStepExecutor] Load file hashes and statuses | status=SUCCESS | time=823ms
2022.12.10 22:59:34 INFO  ce[AYT91dRKtI3wON0XoqPn][o.s.c.t.s.ComputationStepExecutor] Load Quality gate | status=SUCCESS | time=4ms
2022.12.10 22:59:34 INFO  ce[AYT91dRKtI3wON0XoqPn][o.s.c.t.s.ComputationStepExecutor] Load new code period | status=SUCCESS | time=3ms
2022.12.10 22:59:34 INFO  ce[AYT91dRKtI3wON0XoqPn][o.s.c.t.s.ComputationStepExecutor] Detect file moves | reportFiles=106 | dbFiles=106 | addedFiles=0 | status=SUCCESS | time=6ms
2022.12.10 22:59:34 INFO  ce[AYT91dRKtI3wON0XoqPn][o.s.c.t.s.ComputationStepExecutor] Load duplications | duplications=0 | status=SUCCESS | time=39ms
2022.12.10 22:59:34 INFO  ce[AYT91dRKtI3wON0XoqPn][o.s.c.t.s.ComputationStepExecutor] Compute cross project duplications | status=SUCCESS | time=0ms
2022.12.10 22:59:35 INFO  ce[AYT91dRKtI3wON0XoqPn][o.s.c.t.s.ComputationStepExecutor] Compute size measures | status=SUCCESS | time=174ms
2022.12.10 22:59:35 INFO  ce[AYT91dRKtI3wON0XoqPn][o.s.c.t.s.ComputationStepExecutor] Compute new coverage | status=SUCCESS | time=586ms
2022.12.10 22:59:35 INFO  ce[AYT91dRKtI3wON0XoqPn][o.s.c.t.s.ComputationStepExecutor] Compute coverage measures | status=SUCCESS | time=75ms
2022.12.10 22:59:35 INFO  ce[AYT91dRKtI3wON0XoqPn][o.s.c.t.s.ComputationStepExecutor] Compute comment measures | status=SUCCESS | time=3ms
2022.12.10 22:59:35 INFO  ce[AYT91dRKtI3wON0XoqPn][o.s.c.t.s.ComputationStepExecutor] Compute duplication measures | status=SUCCESS | time=2ms
2022.12.10 22:59:35 INFO  ce[AYT91dRKtI3wON0XoqPn][o.s.c.t.s.ComputationStepExecutor] Compute size measures on new code | status=SUCCESS | time=87ms
2022.12.10 22:59:35 INFO  ce[AYT91dRKtI3wON0XoqPn][o.s.c.t.s.ComputationStepExecutor] Compute language distribution | status=SUCCESS | time=4ms
2022.12.10 22:59:35 INFO  ce[AYT91dRKtI3wON0XoqPn][o.s.c.t.s.ComputationStepExecutor] Compute test measures | status=SUCCESS | time=0ms
2022.12.10 22:59:35 INFO  ce[AYT91dRKtI3wON0XoqPn][o.s.c.t.s.ComputationStepExecutor] Compute complexity measures | status=SUCCESS | time=2ms
2022.12.10 22:59:35 INFO  ce[AYT91dRKtI3wON0XoqPn][o.s.c.t.s.ComputationStepExecutor] Load measure computers | status=SUCCESS | time=0ms
2022.12.10 22:59:35 INFO  ce[AYT91dRKtI3wON0XoqPn][o.s.c.t.s.ComputationStepExecutor] Compute Quality Profile status | status=SUCCESS | time=5ms
2022.12.10 22:59:37 INFO  ce[AYT91dRKtI3wON0XoqPn][o.s.c.t.s.ComputationStepExecutor] Execute component visitors | status=SUCCESS | time=1770ms
2022.12.10 22:59:37 INFO  ce[AYT91dRKtI3wON0XoqPn][o.s.c.t.s.ComputationStepExecutor] Checks executed after computation of measures | status=SUCCESS | time=0ms
2022.12.10 22:59:37 INFO  ce[AYT91dRKtI3wON0XoqPn][o.s.c.t.s.ComputationStepExecutor] Compute Quality Gate measures | status=SUCCESS | time=1ms
2022.12.10 22:59:37 INFO  ce[AYT91dRKtI3wON0XoqPn][o.s.c.t.s.ComputationStepExecutor] Compute Quality profile measures | status=SUCCESS | time=2ms
2022.12.10 22:59:37 INFO  ce[AYT91dRKtI3wON0XoqPn][o.s.c.t.s.ComputationStepExecutor] Generate Quality profile events | status=SUCCESS | time=4ms
2022.12.10 22:59:37 INFO  ce[AYT91dRKtI3wON0XoqPn][o.s.c.t.s.ComputationStepExecutor] Generate Quality gate events | status=SUCCESS | time=2ms
2022.12.10 22:59:37 INFO  ce[AYT91dRKtI3wON0XoqPn][o.s.c.t.s.ComputationStepExecutor] Check upgrade possibility for not analyzed code files. | status=SUCCESS | time=0ms
2022.12.10 22:59:37 INFO  ce[AYT91dRKtI3wON0XoqPn][o.s.c.t.s.ComputationStepExecutor] Persist scanner analysis cache | status=SUCCESS | time=0ms
2022.12.10 22:59:37 INFO  ce[AYT91dRKtI3wON0XoqPn][o.s.c.t.s.ComputationStepExecutor] Persist components | status=SUCCESS | time=29ms
2022.12.10 22:59:37 INFO  ce[AYT91dRKtI3wON0XoqPn][o.s.c.t.s.ComputationStepExecutor] Persist analysis | status=SUCCESS | time=2ms
2022.12.10 22:59:37 INFO  ce[AYT91dRKtI3wON0XoqPn][o.s.c.t.s.ComputationStepExecutor] Persist analysis properties | status=SUCCESS | time=4ms
2022.12.10 22:59:37 INFO  ce[AYT91dRKtI3wON0XoqPn][o.s.c.t.s.ComputationStepExecutor] Persist measures | inserts=52 | status=SUCCESS | time=20ms
2022.12.10 22:59:39 INFO  ce[AYT91dRKtI3wON0XoqPn][o.s.c.t.s.ComputationStepExecutor] Persist live measures | insertsOrUpdates=4573 | status=SUCCESS | time=1368ms
2022.12.10 22:59:39 INFO  ce[AYT91dRKtI3wON0XoqPn][o.s.c.t.s.ComputationStepExecutor] Persist duplication data | insertsOrUpdates=0 | status=SUCCESS | time=1ms
2022.12.10 22:59:42 INFO  ce[AYT91dRKtI3wON0XoqPn][o.s.c.t.s.ComputationStepExecutor] Persist new ad hoc Rules | status=SUCCESS | time=3586ms
2022.12.10 22:59:42 INFO  ce[AYT91dRKtI3wON0XoqPn][o.s.c.t.s.ComputationStepExecutor] Persist issues | cacheSize=2.2 kB | inserts=1 | updates=3 | merged=0 | status=SUCCESS | time=43ms
2022.12.10 22:59:42 INFO  ce[AYT91dRKtI3wON0XoqPn][o.s.c.t.s.ComputationStepExecutor] Delete issue changes | changes=0 | status=SUCCESS | time=0ms
2022.12.10 22:59:42 INFO  ce[AYT91dRKtI3wON0XoqPn][o.s.c.t.s.ComputationStepExecutor] Persist project links | status=SUCCESS | time=3ms
2022.12.10 22:59:42 INFO  ce[AYT91dRKtI3wON0XoqPn][o.s.c.t.s.ComputationStepExecutor] Persist events | status=SUCCESS | time=4ms
2022.12.10 22:59:45 INFO  ce[AYT91dRKtI3wON0XoqPn][o.s.c.t.s.ComputationStepExecutor] Persist sources | status=SUCCESS | time=2702ms
2022.12.10 22:59:45 INFO  ce[AYT91dRKtI3wON0XoqPn][o.s.c.t.s.ComputationStepExecutor] Persist cross project duplications | status=SUCCESS | time=0ms
2022.12.10 22:59:45 INFO  ce[AYT91dRKtI3wON0XoqPn][o.s.c.t.s.ComputationStepExecutor] Enable analysis | status=SUCCESS | time=4ms
2022.12.10 22:59:45 INFO  ce[AYT91dRKtI3wON0XoqPn][o.s.c.t.s.ComputationStepExecutor] Update last usage date of quality profiles | status=SUCCESS | time=10ms
2022.12.10 22:59:45 INFO  ce[AYT91dRKtI3wON0XoqPn][o.s.c.t.s.ComputationStepExecutor] Purge db | status=SUCCESS | time=36ms
2022.12.10 22:59:47 INFO  ce[AYT91dRKtI3wON0XoqPn][o.s.c.t.s.ComputationStepExecutor] Index analysis | status=SUCCESS | time=2234ms
2022.12.10 22:59:47 INFO  ce[AYT91dRKtI3wON0XoqPn][o.s.c.t.s.ComputationStepExecutor] Update need issue sync for branch | status=SUCCESS | time=2ms
2022.12.10 22:59:47 INFO  ce[AYT91dRKtI3wON0XoqPn][o.s.c.t.s.ComputationStepExecutor] Publishing taint vulnerabilities events | status=SUCCESS | time=1ms
2022.12.10 22:59:47 INFO  ce[AYT91dRKtI3wON0XoqPn][o.s.c.t.s.ComputationStepExecutor] Send issue notifications | newIssuesNotifs=0 | newIssuesDeliveries=0 | myNewIssuesNotifs=0 | myNewIssuesDeliveries=0 | changesNotifs=0 | changesDeliveries=0 | status=SUCCESS | time=3ms
2022.12.10 22:59:47 INFO  ce[AYT91dRKtI3wON0XoqPn][o.s.c.t.s.ComputationStepExecutor] Publish task results | status=SUCCESS | time=0ms
2022.12.10 22:59:47 INFO  ce[AYT91dRKtI3wON0XoqPn][o.s.c.t.s.ComputationStepExecutor] Trigger refresh of Portfolios and Applications | status=SUCCESS | time=0ms
2022.12.10 22:59:47 INFO  ce[AYT91dRKtI3wON0XoqPn][o.s.c.t.p.a.p.PostProjectAnalysisTasksExecutor] Webhooks | globalWebhooks=0 | projectWebhooks=0 | status=SUCCESS | time=2ms
2022.12.10 22:59:48 INFO  ce[AYT91dRKtI3wON0XoqPn][o.s.c.t.CeWorkerImpl] Executed task | project=VetAppointment | type=REPORT | id=AYT91dRKtI3wON0XoqPn | submitter=admin | status=SUCCESS | time=26775ms
2022.12.10 23:01:28 INFO  ce[][o.s.p.ProcessEntryPoint] Gracefully stopping process
2022.12.10 23:01:28 INFO  ce[][o.s.ce.app.CeServer] Compute Engine is stopping...
2022.12.10 23:01:28 INFO  ce[][o.s.c.t.CeProcessingSchedulerImpl] Gracefully stopping workers...
2022.12.10 23:01:28 INFO  ce[][c.z.h.HikariDataSource] HikariPool-1 - Shutdown initiated...
2022.12.10 23:01:28 INFO  ce[][c.z.h.HikariDataSource] HikariPool-1 - Shutdown completed.
2022.12.10 23:01:28 INFO  ce[][o.s.ce.app.CeServer] Compute Engine is stopped
