2022.12.11 00:59:32 INFO  ce[][o.s.p.ProcessEntryPoint] Starting Compute Engine
2022.12.11 00:59:32 INFO  ce[][o.s.ce.app.CeServer] Compute Engine starting up...
2022.12.11 00:59:33 INFO  ce[][o.sonar.db.Database] Create JDBC data source for jdbc:h2:tcp://127.0.0.1:9092/sonar;NON_KEYWORDS=VALUE
2022.12.11 00:59:33 INFO  ce[][c.z.h.HikariDataSource] HikariPool-1 - Starting...
2022.12.11 00:59:33 INFO  ce[][c.z.h.p.HikariPool] HikariPool-1 - Added connection conn0: url=jdbc:h2:tcp://127.0.0.1:9092/sonar user=
2022.12.11 00:59:33 INFO  ce[][c.z.h.HikariDataSource] HikariPool-1 - Start completed.
2022.12.11 00:59:33 WARN  ce[][o.s.db.dialect.H2] H2 database should be used for evaluation purpose only.
2022.12.11 00:59:36 INFO  ce[][o.s.s.p.ServerFileSystemImpl] SonarQube home: D:\Facultate\Anul_3\.NET\VetAppointment_S12\sonarqube-9.7.1.62043
2022.12.11 00:59:36 INFO  ce[][o.s.c.c.CePluginRepository] Load plugins
2022.12.11 00:59:42 INFO  ce[][o.s.c.c.ComputeEngineContainerImpl] Running Community edition
2022.12.11 00:59:42 INFO  ce[][o.s.ce.app.CeServer] Compute Engine is started
2022.12.11 01:08:04 INFO  ce[][o.s.c.t.CeWorkerImpl] Execute task | project=VetAppointment | type=REPORT | id=AYT-S691j2Fszn6NaHmP | submitter=admin
2022.12.11 01:08:12 INFO  ce[AYT-S691j2Fszn6NaHmP][o.s.c.t.s.ComputationStepExecutor] Extract report | status=SUCCESS | time=6985ms
2022.12.11 01:08:12 INFO  ce[AYT-S691j2Fszn6NaHmP][o.s.c.t.s.ComputationStepExecutor] Persist scanner context | status=SUCCESS | time=38ms
2022.12.11 01:08:12 INFO  ce[AYT-S691j2Fszn6NaHmP][o.s.c.t.s.ComputationStepExecutor] Propagate analysis warnings from scanner report | status=SUCCESS | time=58ms
2022.12.11 01:08:12 INFO  ce[AYT-S691j2Fszn6NaHmP][o.s.c.t.s.ComputationStepExecutor] Generate analysis UUID | status=SUCCESS | time=0ms
2022.12.11 01:08:12 INFO  ce[AYT-S691j2Fszn6NaHmP][o.s.c.t.s.ComputationStepExecutor] Load analysis metadata | status=SUCCESS | time=165ms
2022.12.11 01:08:12 INFO  ce[AYT-S691j2Fszn6NaHmP][o.s.c.t.s.ComputationStepExecutor] Initialize | status=SUCCESS | time=0ms
2022.12.11 01:08:12 INFO  ce[AYT-S691j2Fszn6NaHmP][o.s.c.t.s.ComputationStepExecutor] Build tree of components | components=130 | status=SUCCESS | time=371ms
2022.12.11 01:08:12 INFO  ce[AYT-S691j2Fszn6NaHmP][o.s.c.t.s.ComputationStepExecutor] Validate project | status=SUCCESS | time=6ms
2022.12.11 01:08:12 INFO  ce[AYT-S691j2Fszn6NaHmP][o.s.s.e.EsClientProvider] Connected to local Elasticsearch: [http://127.0.0.1:8088]
2022.12.11 01:08:19 INFO  ce[AYT-S691j2Fszn6NaHmP][o.s.c.t.s.ComputationStepExecutor] Load quality profiles | status=SUCCESS | time=5182ms
2022.12.11 01:08:20 INFO  ce[AYT-S691j2Fszn6NaHmP][o.s.c.t.s.ComputationStepExecutor] Load file hashes and statuses | status=SUCCESS | time=1188ms
2022.12.11 01:08:20 INFO  ce[AYT-S691j2Fszn6NaHmP][o.s.c.t.s.ComputationStepExecutor] Load Quality gate | status=SUCCESS | time=13ms
2022.12.11 01:08:20 INFO  ce[AYT-S691j2Fszn6NaHmP][o.s.c.t.s.ComputationStepExecutor] Load new code period | status=SUCCESS | time=19ms
2022.12.11 01:08:20 INFO  ce[AYT-S691j2Fszn6NaHmP][o.s.c.t.s.ComputationStepExecutor] Detect file moves | reportFiles=106 | dbFiles=106 | addedFiles=0 | status=SUCCESS | time=19ms
2022.12.11 01:08:20 INFO  ce[AYT-S691j2Fszn6NaHmP][o.s.c.t.s.ComputationStepExecutor] Load duplications | duplications=0 | status=SUCCESS | time=75ms
2022.12.11 01:08:20 INFO  ce[AYT-S691j2Fszn6NaHmP][o.s.c.t.s.ComputationStepExecutor] Compute cross project duplications | status=SUCCESS | time=0ms
2022.12.11 01:08:20 INFO  ce[AYT-S691j2Fszn6NaHmP][o.s.c.t.s.ComputationStepExecutor] Compute size measures | status=SUCCESS | time=299ms
2022.12.11 01:08:21 INFO  ce[AYT-S691j2Fszn6NaHmP][o.s.c.t.s.ComputationStepExecutor] Compute new coverage | status=SUCCESS | time=807ms
2022.12.11 01:08:21 INFO  ce[AYT-S691j2Fszn6NaHmP][o.s.c.t.s.ComputationStepExecutor] Compute coverage measures | status=SUCCESS | time=125ms
2022.12.11 01:08:21 INFO  ce[AYT-S691j2Fszn6NaHmP][o.s.c.t.s.ComputationStepExecutor] Compute comment measures | status=SUCCESS | time=14ms
2022.12.11 01:08:21 INFO  ce[AYT-S691j2Fszn6NaHmP][o.s.c.t.s.ComputationStepExecutor] Compute duplication measures | status=SUCCESS | time=13ms
2022.12.11 01:08:22 INFO  ce[AYT-S691j2Fszn6NaHmP][o.s.c.t.s.ComputationStepExecutor] Compute size measures on new code | status=SUCCESS | time=243ms
2022.12.11 01:08:22 INFO  ce[AYT-S691j2Fszn6NaHmP][o.s.c.t.s.ComputationStepExecutor] Compute language distribution | status=SUCCESS | time=52ms
2022.12.11 01:08:22 INFO  ce[AYT-S691j2Fszn6NaHmP][o.s.c.t.s.ComputationStepExecutor] Compute test measures | status=SUCCESS | time=3ms
2022.12.11 01:08:22 INFO  ce[AYT-S691j2Fszn6NaHmP][o.s.c.t.s.ComputationStepExecutor] Compute complexity measures | status=SUCCESS | time=18ms
2022.12.11 01:08:22 INFO  ce[AYT-S691j2Fszn6NaHmP][o.s.c.t.s.ComputationStepExecutor] Load measure computers | status=SUCCESS | time=5ms
2022.12.11 01:08:22 INFO  ce[AYT-S691j2Fszn6NaHmP][o.s.c.t.s.ComputationStepExecutor] Compute Quality Profile status | status=SUCCESS | time=40ms
2022.12.11 01:08:24 INFO  ce[AYT-S691j2Fszn6NaHmP][o.s.c.t.s.ComputationStepExecutor] Execute component visitors | status=SUCCESS | time=1997ms
2022.12.11 01:08:24 INFO  ce[AYT-S691j2Fszn6NaHmP][o.s.c.t.s.ComputationStepExecutor] Checks executed after computation of measures | status=SUCCESS | time=1ms
2022.12.11 01:08:24 INFO  ce[AYT-S691j2Fszn6NaHmP][o.s.c.t.s.ComputationStepExecutor] Compute Quality Gate measures | status=SUCCESS | time=25ms
2022.12.11 01:08:24 INFO  ce[AYT-S691j2Fszn6NaHmP][o.s.c.t.s.ComputationStepExecutor] Compute Quality profile measures | status=SUCCESS | time=10ms
2022.12.11 01:08:24 INFO  ce[AYT-S691j2Fszn6NaHmP][o.s.c.t.s.ComputationStepExecutor] Generate Quality profile events | status=SUCCESS | time=6ms
2022.12.11 01:08:24 INFO  ce[AYT-S691j2Fszn6NaHmP][o.s.c.t.s.ComputationStepExecutor] Generate Quality gate events | status=SUCCESS | time=4ms
2022.12.11 01:08:24 INFO  ce[AYT-S691j2Fszn6NaHmP][o.s.c.t.s.ComputationStepExecutor] Check upgrade possibility for not analyzed code files. | status=SUCCESS | time=2ms
2022.12.11 01:08:24 INFO  ce[AYT-S691j2Fszn6NaHmP][o.s.c.t.s.ComputationStepExecutor] Persist scanner analysis cache | status=SUCCESS | time=0ms
2022.12.11 01:08:24 INFO  ce[AYT-S691j2Fszn6NaHmP][o.s.c.t.s.ComputationStepExecutor] Persist components | status=SUCCESS | time=59ms
2022.12.11 01:08:24 INFO  ce[AYT-S691j2Fszn6NaHmP][o.s.c.t.s.ComputationStepExecutor] Persist analysis | status=SUCCESS | time=6ms
2022.12.11 01:08:24 INFO  ce[AYT-S691j2Fszn6NaHmP][o.s.c.t.s.ComputationStepExecutor] Persist analysis properties | status=SUCCESS | time=13ms
2022.12.11 01:08:24 INFO  ce[AYT-S691j2Fszn6NaHmP][o.s.c.t.s.ComputationStepExecutor] Persist measures | inserts=52 | status=SUCCESS | time=92ms
2022.12.11 01:08:28 INFO  ce[AYT-S691j2Fszn6NaHmP][o.s.c.t.s.ComputationStepExecutor] Persist live measures | insertsOrUpdates=4575 | status=SUCCESS | time=3547ms
2022.12.11 01:08:28 INFO  ce[AYT-S691j2Fszn6NaHmP][o.s.c.t.s.ComputationStepExecutor] Persist duplication data | insertsOrUpdates=0 | status=SUCCESS | time=2ms
2022.12.11 01:08:33 INFO  ce[AYT-S691j2Fszn6NaHmP][o.s.c.t.s.ComputationStepExecutor] Persist new ad hoc Rules | status=SUCCESS | time=4883ms
2022.12.11 01:08:33 INFO  ce[AYT-S691j2Fszn6NaHmP][o.s.c.t.s.ComputationStepExecutor] Persist issues | cacheSize=5.9 kB | inserts=2 | updates=7 | merged=0 | status=SUCCESS | time=32ms
2022.12.11 01:08:33 INFO  ce[AYT-S691j2Fszn6NaHmP][o.s.c.t.s.ComputationStepExecutor] Delete issue changes | changes=0 | status=SUCCESS | time=0ms
2022.12.11 01:08:33 INFO  ce[AYT-S691j2Fszn6NaHmP][o.s.c.t.s.ComputationStepExecutor] Persist project links | status=SUCCESS | time=4ms
2022.12.11 01:08:33 INFO  ce[AYT-S691j2Fszn6NaHmP][o.s.c.t.s.ComputationStepExecutor] Persist events | status=SUCCESS | time=6ms
2022.12.11 01:08:34 INFO  ce[AYT-S691j2Fszn6NaHmP][o.s.c.t.s.ComputationStepExecutor] Persist sources | status=SUCCESS | time=978ms
2022.12.11 01:08:34 INFO  ce[AYT-S691j2Fszn6NaHmP][o.s.c.t.s.ComputationStepExecutor] Persist cross project duplications | status=SUCCESS | time=0ms
2022.12.11 01:08:34 INFO  ce[AYT-S691j2Fszn6NaHmP][o.s.c.t.s.ComputationStepExecutor] Enable analysis | status=SUCCESS | time=5ms
2022.12.11 01:08:34 INFO  ce[AYT-S691j2Fszn6NaHmP][o.s.c.t.s.ComputationStepExecutor] Update last usage date of quality profiles | status=SUCCESS | time=54ms
2022.12.11 01:08:34 INFO  ce[AYT-S691j2Fszn6NaHmP][o.s.c.t.s.ComputationStepExecutor] Purge db | status=SUCCESS | time=61ms
2022.12.11 01:08:36 INFO  ce[AYT-S691j2Fszn6NaHmP][o.s.c.t.s.ComputationStepExecutor] Index analysis | status=SUCCESS | time=2087ms
2022.12.11 01:08:36 INFO  ce[AYT-S691j2Fszn6NaHmP][o.s.c.t.s.ComputationStepExecutor] Update need issue sync for branch | status=SUCCESS | time=2ms
2022.12.11 01:08:36 INFO  ce[AYT-S691j2Fszn6NaHmP][o.s.c.t.s.ComputationStepExecutor] Publishing taint vulnerabilities events | status=SUCCESS | time=3ms
2022.12.11 01:08:36 INFO  ce[AYT-S691j2Fszn6NaHmP][o.s.c.t.s.ComputationStepExecutor] Send issue notifications | newIssuesNotifs=0 | newIssuesDeliveries=0 | myNewIssuesNotifs=0 | myNewIssuesDeliveries=0 | changesNotifs=0 | changesDeliveries=0 | status=SUCCESS | time=4ms
2022.12.11 01:08:36 INFO  ce[AYT-S691j2Fszn6NaHmP][o.s.c.t.s.ComputationStepExecutor] Publish task results | status=SUCCESS | time=0ms
2022.12.11 01:08:36 INFO  ce[AYT-S691j2Fszn6NaHmP][o.s.c.t.s.ComputationStepExecutor] Trigger refresh of Portfolios and Applications | status=SUCCESS | time=0ms
2022.12.11 01:08:36 INFO  ce[AYT-S691j2Fszn6NaHmP][o.s.c.t.p.a.p.PostProjectAnalysisTasksExecutor] Webhooks | globalWebhooks=0 | projectWebhooks=0 | status=SUCCESS | time=6ms
2022.12.11 01:08:36 INFO  ce[AYT-S691j2Fszn6NaHmP][o.s.c.t.CeWorkerImpl] Executed task | project=VetAppointment | type=REPORT | id=AYT-S691j2Fszn6NaHmP | submitter=admin | status=SUCCESS | time=32790ms
2022.12.11 10:44:50 WARN  ce[][c.z.h.p.HikariPool] HikariPool-1 - Thread starvation or clock leap detected (housekeeper delta=9h1m16s234ms394µs200ns).
2022.12.11 13:54:57 INFO  ce[][o.s.c.t.CeWorkerImpl] Execute task | project=VetAppointment | type=REPORT | id=AYUBCczlj2Fszn6NaHmQ | submitter=admin
2022.12.11 13:55:03 INFO  ce[AYUBCczlj2Fszn6NaHmQ][o.s.c.t.s.ComputationStepExecutor] Extract report | status=SUCCESS | time=5449ms
2022.12.11 13:55:03 INFO  ce[AYUBCczlj2Fszn6NaHmQ][o.s.c.t.s.ComputationStepExecutor] Persist scanner context | status=SUCCESS | time=28ms
2022.12.11 13:55:03 INFO  ce[AYUBCczlj2Fszn6NaHmQ][o.s.c.t.s.ComputationStepExecutor] Propagate analysis warnings from scanner report | status=SUCCESS | time=2ms
2022.12.11 13:55:03 INFO  ce[AYUBCczlj2Fszn6NaHmQ][o.s.c.t.s.ComputationStepExecutor] Generate analysis UUID | status=SUCCESS | time=0ms
2022.12.11 13:55:03 INFO  ce[AYUBCczlj2Fszn6NaHmQ][o.s.c.t.s.ComputationStepExecutor] Load analysis metadata | status=SUCCESS | time=9ms
2022.12.11 13:55:03 INFO  ce[AYUBCczlj2Fszn6NaHmQ][o.s.c.t.s.ComputationStepExecutor] Initialize | status=SUCCESS | time=0ms
2022.12.11 13:55:03 INFO  ce[AYUBCczlj2Fszn6NaHmQ][o.s.c.t.s.ComputationStepExecutor] Build tree of components | components=135 | status=SUCCESS | time=50ms
2022.12.11 13:55:03 INFO  ce[AYUBCczlj2Fszn6NaHmQ][o.s.c.t.s.ComputationStepExecutor] Validate project | status=SUCCESS | time=1ms
2022.12.11 13:55:06 INFO  ce[AYUBCczlj2Fszn6NaHmQ][o.s.c.t.s.ComputationStepExecutor] Load quality profiles | status=SUCCESS | time=2681ms
2022.12.11 13:55:06 INFO  ce[AYUBCczlj2Fszn6NaHmQ][o.s.c.t.s.ComputationStepExecutor] Load file hashes and statuses | status=SUCCESS | time=567ms
2022.12.11 13:55:06 INFO  ce[AYUBCczlj2Fszn6NaHmQ][o.s.c.t.s.ComputationStepExecutor] Load Quality gate | status=SUCCESS | time=3ms
2022.12.11 13:55:06 INFO  ce[AYUBCczlj2Fszn6NaHmQ][o.s.c.t.s.ComputationStepExecutor] Load new code period | status=SUCCESS | time=4ms
2022.12.11 13:55:06 INFO  ce[AYUBCczlj2Fszn6NaHmQ][o.s.c.t.s.ComputationStepExecutor] Detect file moves | reportFiles=110 | dbFiles=106 | addedFiles=4 | status=SUCCESS | time=7ms
2022.12.11 13:55:06 INFO  ce[AYUBCczlj2Fszn6NaHmQ][o.s.c.t.s.ComputationStepExecutor] Load duplications | duplications=0 | status=SUCCESS | time=35ms
2022.12.11 13:55:06 INFO  ce[AYUBCczlj2Fszn6NaHmQ][o.s.c.t.s.ComputationStepExecutor] Compute cross project duplications | status=SUCCESS | time=0ms
2022.12.11 13:55:06 INFO  ce[AYUBCczlj2Fszn6NaHmQ][o.s.c.t.s.ComputationStepExecutor] Compute size measures | status=SUCCESS | time=160ms
2022.12.11 13:55:07 INFO  ce[AYUBCczlj2Fszn6NaHmQ][o.s.c.t.s.ComputationStepExecutor] Compute new coverage | status=SUCCESS | time=610ms
2022.12.11 13:55:07 INFO  ce[AYUBCczlj2Fszn6NaHmQ][o.s.c.t.s.ComputationStepExecutor] Compute coverage measures | status=SUCCESS | time=72ms
2022.12.11 13:55:07 INFO  ce[AYUBCczlj2Fszn6NaHmQ][o.s.c.t.s.ComputationStepExecutor] Compute comment measures | status=SUCCESS | time=5ms
2022.12.11 13:55:07 INFO  ce[AYUBCczlj2Fszn6NaHmQ][o.s.c.t.s.ComputationStepExecutor] Compute duplication measures | status=SUCCESS | time=2ms
2022.12.11 13:55:07 INFO  ce[AYUBCczlj2Fszn6NaHmQ][o.s.c.t.s.ComputationStepExecutor] Compute size measures on new code | status=SUCCESS | time=55ms
2022.12.11 13:55:07 INFO  ce[AYUBCczlj2Fszn6NaHmQ][o.s.c.t.s.ComputationStepExecutor] Compute language distribution | status=SUCCESS | time=5ms
2022.12.11 13:55:07 INFO  ce[AYUBCczlj2Fszn6NaHmQ][o.s.c.t.s.ComputationStepExecutor] Compute test measures | status=SUCCESS | time=1ms
2022.12.11 13:55:07 INFO  ce[AYUBCczlj2Fszn6NaHmQ][o.s.c.t.s.ComputationStepExecutor] Compute complexity measures | status=SUCCESS | time=4ms
2022.12.11 13:55:07 INFO  ce[AYUBCczlj2Fszn6NaHmQ][o.s.c.t.s.ComputationStepExecutor] Load measure computers | status=SUCCESS | time=0ms
2022.12.11 13:55:07 INFO  ce[AYUBCczlj2Fszn6NaHmQ][o.s.c.t.s.ComputationStepExecutor] Compute Quality Profile status | status=SUCCESS | time=15ms
2022.12.11 13:55:11 INFO  ce[AYUBCczlj2Fszn6NaHmQ][o.s.c.t.s.ComputationStepExecutor] Execute component visitors | status=SUCCESS | time=3450ms
2022.12.11 13:55:11 INFO  ce[AYUBCczlj2Fszn6NaHmQ][o.s.c.t.s.ComputationStepExecutor] Checks executed after computation of measures | status=SUCCESS | time=0ms
2022.12.11 13:55:11 INFO  ce[AYUBCczlj2Fszn6NaHmQ][o.s.c.t.s.ComputationStepExecutor] Compute Quality Gate measures | status=SUCCESS | time=46ms
2022.12.11 13:55:11 INFO  ce[AYUBCczlj2Fszn6NaHmQ][o.s.c.t.s.ComputationStepExecutor] Compute Quality profile measures | status=SUCCESS | time=1ms
2022.12.11 13:55:11 INFO  ce[AYUBCczlj2Fszn6NaHmQ][o.s.c.t.s.ComputationStepExecutor] Generate Quality profile events | status=SUCCESS | time=3ms
2022.12.11 13:55:11 INFO  ce[AYUBCczlj2Fszn6NaHmQ][o.s.c.t.s.ComputationStepExecutor] Generate Quality gate events | status=SUCCESS | time=17ms
2022.12.11 13:55:11 INFO  ce[AYUBCczlj2Fszn6NaHmQ][o.s.c.t.s.ComputationStepExecutor] Check upgrade possibility for not analyzed code files. | status=SUCCESS | time=0ms
2022.12.11 13:55:11 INFO  ce[AYUBCczlj2Fszn6NaHmQ][o.s.c.t.s.ComputationStepExecutor] Persist scanner analysis cache | status=SUCCESS | time=0ms
2022.12.11 13:55:11 INFO  ce[AYUBCczlj2Fszn6NaHmQ][o.s.c.t.s.ComputationStepExecutor] Persist components | status=SUCCESS | time=27ms
2022.12.11 13:55:11 INFO  ce[AYUBCczlj2Fszn6NaHmQ][o.s.c.t.s.ComputationStepExecutor] Persist analysis | status=SUCCESS | time=1ms
2022.12.11 13:55:11 INFO  ce[AYUBCczlj2Fszn6NaHmQ][o.s.c.t.s.ComputationStepExecutor] Persist analysis properties | status=SUCCESS | time=2ms
2022.12.11 13:55:11 INFO  ce[AYUBCczlj2Fszn6NaHmQ][o.s.c.t.s.ComputationStepExecutor] Persist measures | inserts=53 | status=SUCCESS | time=24ms
2022.12.11 13:55:12 INFO  ce[AYUBCczlj2Fszn6NaHmQ][o.s.c.t.s.ComputationStepExecutor] Persist live measures | insertsOrUpdates=4813 | status=SUCCESS | time=1227ms
2022.12.11 13:55:12 INFO  ce[AYUBCczlj2Fszn6NaHmQ][o.s.c.t.s.ComputationStepExecutor] Persist duplication data | insertsOrUpdates=0 | status=SUCCESS | time=1ms
2022.12.11 13:55:15 INFO  ce[AYUBCczlj2Fszn6NaHmQ][o.s.c.t.s.ComputationStepExecutor] Persist new ad hoc Rules | status=SUCCESS | time=3453ms
2022.12.11 13:55:16 INFO  ce[AYUBCczlj2Fszn6NaHmQ][o.s.c.t.s.ComputationStepExecutor] Persist issues | cacheSize=26.4 kB | inserts=1 | updates=45 | merged=0 | status=SUCCESS | time=73ms
2022.12.11 13:55:16 INFO  ce[AYUBCczlj2Fszn6NaHmQ][o.s.c.t.s.ComputationStepExecutor] Delete issue changes | changes=0 | status=SUCCESS | time=0ms
2022.12.11 13:55:16 INFO  ce[AYUBCczlj2Fszn6NaHmQ][o.s.c.t.s.ComputationStepExecutor] Persist project links | status=SUCCESS | time=2ms
2022.12.11 13:55:16 INFO  ce[AYUBCczlj2Fszn6NaHmQ][o.s.c.t.s.ComputationStepExecutor] Persist events | status=SUCCESS | time=40ms
2022.12.11 13:55:17 INFO  ce[AYUBCczlj2Fszn6NaHmQ][o.s.c.t.s.ComputationStepExecutor] Persist sources | status=SUCCESS | time=943ms
2022.12.11 13:55:17 INFO  ce[AYUBCczlj2Fszn6NaHmQ][o.s.c.t.s.ComputationStepExecutor] Persist cross project duplications | status=SUCCESS | time=0ms
2022.12.11 13:55:17 INFO  ce[AYUBCczlj2Fszn6NaHmQ][o.s.c.t.s.ComputationStepExecutor] Enable analysis | status=SUCCESS | time=2ms
2022.12.11 13:55:17 INFO  ce[AYUBCczlj2Fszn6NaHmQ][o.s.c.t.s.ComputationStepExecutor] Update last usage date of quality profiles | status=SUCCESS | time=3ms
2022.12.11 13:55:17 INFO  ce[AYUBCczlj2Fszn6NaHmQ][o.s.c.t.s.ComputationStepExecutor] Purge db | status=SUCCESS | time=18ms
2022.12.11 13:55:19 INFO  ce[AYUBCczlj2Fszn6NaHmQ][o.s.c.t.s.ComputationStepExecutor] Index analysis | status=SUCCESS | time=2262ms
2022.12.11 13:55:19 INFO  ce[AYUBCczlj2Fszn6NaHmQ][o.s.c.t.s.ComputationStepExecutor] Update need issue sync for branch | status=SUCCESS | time=0ms
2022.12.11 13:55:19 INFO  ce[AYUBCczlj2Fszn6NaHmQ][o.s.c.t.s.ComputationStepExecutor] Publishing taint vulnerabilities events | status=SUCCESS | time=2ms
2022.12.11 13:55:19 INFO  ce[AYUBCczlj2Fszn6NaHmQ][o.s.c.t.s.ComputationStepExecutor] Send issue notifications | newIssuesNotifs=0 | newIssuesDeliveries=0 | myNewIssuesNotifs=0 | myNewIssuesDeliveries=0 | changesNotifs=0 | changesDeliveries=0 | status=SUCCESS | time=1ms
2022.12.11 13:55:19 INFO  ce[AYUBCczlj2Fszn6NaHmQ][o.s.c.t.s.ComputationStepExecutor] Publish task results | status=SUCCESS | time=0ms
2022.12.11 13:55:19 INFO  ce[AYUBCczlj2Fszn6NaHmQ][o.s.c.t.s.ComputationStepExecutor] Trigger refresh of Portfolios and Applications | status=SUCCESS | time=0ms
2022.12.11 13:55:19 INFO  ce[AYUBCczlj2Fszn6NaHmQ][o.s.c.t.p.a.p.PostProjectAnalysisTasksExecutor] Webhooks | globalWebhooks=0 | projectWebhooks=0 | status=SUCCESS | time=1ms
2022.12.11 13:55:19 INFO  ce[AYUBCczlj2Fszn6NaHmQ][o.s.c.t.CeWorkerImpl] Executed task | project=VetAppointment | type=REPORT | id=AYUBCczlj2Fszn6NaHmQ | submitter=admin | status=SUCCESS | time=22101ms
2022.12.11 15:32:28 INFO  ce[][o.s.c.t.CeWorkerImpl] Execute task | project=VetAppointment | type=REPORT | id=AYUBYw8sj2Fszn6NaHmR | submitter=admin
2022.12.11 15:32:34 INFO  ce[AYUBYw8sj2Fszn6NaHmR][o.s.c.t.s.ComputationStepExecutor] Extract report | status=SUCCESS | time=5943ms
2022.12.11 15:32:34 INFO  ce[AYUBYw8sj2Fszn6NaHmR][o.s.c.t.s.ComputationStepExecutor] Persist scanner context | status=SUCCESS | time=31ms
2022.12.11 15:32:34 INFO  ce[AYUBYw8sj2Fszn6NaHmR][o.s.c.t.s.ComputationStepExecutor] Propagate analysis warnings from scanner report | status=SUCCESS | time=4ms
2022.12.11 15:32:34 INFO  ce[AYUBYw8sj2Fszn6NaHmR][o.s.c.t.s.ComputationStepExecutor] Generate analysis UUID | status=SUCCESS | time=0ms
2022.12.11 15:32:34 INFO  ce[AYUBYw8sj2Fszn6NaHmR][o.s.c.t.s.ComputationStepExecutor] Load analysis metadata | status=SUCCESS | time=37ms
2022.12.11 15:32:34 INFO  ce[AYUBYw8sj2Fszn6NaHmR][o.s.c.t.s.ComputationStepExecutor] Initialize | status=SUCCESS | time=0ms
2022.12.11 15:32:35 INFO  ce[AYUBYw8sj2Fszn6NaHmR][o.s.c.t.s.ComputationStepExecutor] Build tree of components | components=135 | status=SUCCESS | time=115ms
2022.12.11 15:32:35 INFO  ce[AYUBYw8sj2Fszn6NaHmR][o.s.c.t.s.ComputationStepExecutor] Validate project | status=SUCCESS | time=3ms
2022.12.11 15:32:37 INFO  ce[AYUBYw8sj2Fszn6NaHmR][o.s.c.t.s.ComputationStepExecutor] Load quality profiles | status=SUCCESS | time=2009ms
2022.12.11 15:32:37 INFO  ce[AYUBYw8sj2Fszn6NaHmR][o.s.c.t.s.ComputationStepExecutor] Load file hashes and statuses | status=SUCCESS | time=604ms
2022.12.11 15:32:37 INFO  ce[AYUBYw8sj2Fszn6NaHmR][o.s.c.t.s.ComputationStepExecutor] Load Quality gate | status=SUCCESS | time=5ms
2022.12.11 15:32:37 INFO  ce[AYUBYw8sj2Fszn6NaHmR][o.s.c.t.s.ComputationStepExecutor] Load new code period | status=SUCCESS | time=4ms
2022.12.11 15:32:37 INFO  ce[AYUBYw8sj2Fszn6NaHmR][o.s.c.t.s.ComputationStepExecutor] Detect file moves | reportFiles=110 | dbFiles=110 | addedFiles=0 | status=SUCCESS | time=6ms
2022.12.11 15:32:37 INFO  ce[AYUBYw8sj2Fszn6NaHmR][o.s.c.t.s.ComputationStepExecutor] Load duplications | duplications=0 | status=SUCCESS | time=39ms
2022.12.11 15:32:37 INFO  ce[AYUBYw8sj2Fszn6NaHmR][o.s.c.t.s.ComputationStepExecutor] Compute cross project duplications | status=SUCCESS | time=0ms
2022.12.11 15:32:37 INFO  ce[AYUBYw8sj2Fszn6NaHmR][o.s.c.t.s.ComputationStepExecutor] Compute size measures | status=SUCCESS | time=173ms
2022.12.11 15:32:38 INFO  ce[AYUBYw8sj2Fszn6NaHmR][o.s.c.t.s.ComputationStepExecutor] Compute new coverage | status=SUCCESS | time=596ms
2022.12.11 15:32:38 INFO  ce[AYUBYw8sj2Fszn6NaHmR][o.s.c.t.s.ComputationStepExecutor] Compute coverage measures | status=SUCCESS | time=33ms
2022.12.11 15:32:38 INFO  ce[AYUBYw8sj2Fszn6NaHmR][o.s.c.t.s.ComputationStepExecutor] Compute comment measures | status=SUCCESS | time=1ms
2022.12.11 15:32:38 INFO  ce[AYUBYw8sj2Fszn6NaHmR][o.s.c.t.s.ComputationStepExecutor] Compute duplication measures | status=SUCCESS | time=1ms
2022.12.11 15:32:38 INFO  ce[AYUBYw8sj2Fszn6NaHmR][o.s.c.t.s.ComputationStepExecutor] Compute size measures on new code | status=SUCCESS | time=49ms
2022.12.11 15:32:38 INFO  ce[AYUBYw8sj2Fszn6NaHmR][o.s.c.t.s.ComputationStepExecutor] Compute language distribution | status=SUCCESS | time=3ms
2022.12.11 15:32:38 INFO  ce[AYUBYw8sj2Fszn6NaHmR][o.s.c.t.s.ComputationStepExecutor] Compute test measures | status=SUCCESS | time=1ms
2022.12.11 15:32:38 INFO  ce[AYUBYw8sj2Fszn6NaHmR][o.s.c.t.s.ComputationStepExecutor] Compute complexity measures | status=SUCCESS | time=2ms
2022.12.11 15:32:38 INFO  ce[AYUBYw8sj2Fszn6NaHmR][o.s.c.t.s.ComputationStepExecutor] Load measure computers | status=SUCCESS | time=0ms
2022.12.11 15:32:38 INFO  ce[AYUBYw8sj2Fszn6NaHmR][o.s.c.t.s.ComputationStepExecutor] Compute Quality Profile status | status=SUCCESS | time=4ms
2022.12.11 15:32:39 INFO  ce[AYUBYw8sj2Fszn6NaHmR][o.s.c.t.s.ComputationStepExecutor] Execute component visitors | status=SUCCESS | time=1132ms
2022.12.11 15:32:39 INFO  ce[AYUBYw8sj2Fszn6NaHmR][o.s.c.t.s.ComputationStepExecutor] Checks executed after computation of measures | status=SUCCESS | time=0ms
2022.12.11 15:32:39 INFO  ce[AYUBYw8sj2Fszn6NaHmR][o.s.c.t.s.ComputationStepExecutor] Compute Quality Gate measures | status=SUCCESS | time=12ms
2022.12.11 15:32:39 INFO  ce[AYUBYw8sj2Fszn6NaHmR][o.s.c.t.s.ComputationStepExecutor] Compute Quality profile measures | status=SUCCESS | time=0ms
2022.12.11 15:32:39 INFO  ce[AYUBYw8sj2Fszn6NaHmR][o.s.c.t.s.ComputationStepExecutor] Generate Quality profile events | status=SUCCESS | time=3ms
2022.12.11 15:32:39 INFO  ce[AYUBYw8sj2Fszn6NaHmR][o.s.c.t.s.ComputationStepExecutor] Generate Quality gate events | status=SUCCESS | time=2ms
2022.12.11 15:32:39 INFO  ce[AYUBYw8sj2Fszn6NaHmR][o.s.c.t.s.ComputationStepExecutor] Check upgrade possibility for not analyzed code files. | status=SUCCESS | time=0ms
2022.12.11 15:32:39 INFO  ce[AYUBYw8sj2Fszn6NaHmR][o.s.c.t.s.ComputationStepExecutor] Persist scanner analysis cache | status=SUCCESS | time=1ms
2022.12.11 15:32:39 INFO  ce[AYUBYw8sj2Fszn6NaHmR][o.s.c.t.s.ComputationStepExecutor] Persist components | status=SUCCESS | time=16ms
2022.12.11 15:32:39 INFO  ce[AYUBYw8sj2Fszn6NaHmR][o.s.c.t.s.ComputationStepExecutor] Persist analysis | status=SUCCESS | time=2ms
2022.12.11 15:32:39 INFO  ce[AYUBYw8sj2Fszn6NaHmR][o.s.c.t.s.ComputationStepExecutor] Persist analysis properties | status=SUCCESS | time=2ms
2022.12.11 15:32:39 INFO  ce[AYUBYw8sj2Fszn6NaHmR][o.s.c.t.s.ComputationStepExecutor] Persist measures | inserts=52 | status=SUCCESS | time=10ms
2022.12.11 15:32:40 INFO  ce[AYUBYw8sj2Fszn6NaHmR][o.s.c.t.s.ComputationStepExecutor] Persist live measures | insertsOrUpdates=4837 | status=SUCCESS | time=975ms
2022.12.11 15:32:40 INFO  ce[AYUBYw8sj2Fszn6NaHmR][o.s.c.t.s.ComputationStepExecutor] Persist duplication data | insertsOrUpdates=0 | status=SUCCESS | time=0ms
2022.12.11 15:32:44 INFO  ce[AYUBYw8sj2Fszn6NaHmR][o.s.c.t.s.ComputationStepExecutor] Persist new ad hoc Rules | status=SUCCESS | time=3206ms
2022.12.11 15:32:44 INFO  ce[AYUBYw8sj2Fszn6NaHmR][o.s.c.t.s.ComputationStepExecutor] Persist issues | cacheSize=1.5 kB | inserts=0 | updates=3 | merged=0 | status=SUCCESS | time=7ms
2022.12.11 15:32:44 INFO  ce[AYUBYw8sj2Fszn6NaHmR][o.s.c.t.s.ComputationStepExecutor] Delete issue changes | changes=0 | status=SUCCESS | time=0ms
2022.12.11 15:32:44 INFO  ce[AYUBYw8sj2Fszn6NaHmR][o.s.c.t.s.ComputationStepExecutor] Persist project links | status=SUCCESS | time=2ms
2022.12.11 15:32:44 INFO  ce[AYUBYw8sj2Fszn6NaHmR][o.s.c.t.s.ComputationStepExecutor] Persist events | status=SUCCESS | time=2ms
2022.12.11 15:32:45 INFO  ce[AYUBYw8sj2Fszn6NaHmR][o.s.c.t.s.ComputationStepExecutor] Persist sources | status=SUCCESS | time=1073ms
2022.12.11 15:32:45 INFO  ce[AYUBYw8sj2Fszn6NaHmR][o.s.c.t.s.ComputationStepExecutor] Persist cross project duplications | status=SUCCESS | time=0ms
2022.12.11 15:32:45 INFO  ce[AYUBYw8sj2Fszn6NaHmR][o.s.c.t.s.ComputationStepExecutor] Enable analysis | status=SUCCESS | time=2ms
2022.12.11 15:32:45 INFO  ce[AYUBYw8sj2Fszn6NaHmR][o.s.c.t.s.ComputationStepExecutor] Update last usage date of quality profiles | status=SUCCESS | time=6ms
2022.12.11 15:32:45 INFO  ce[AYUBYw8sj2Fszn6NaHmR][o.s.c.t.s.ComputationStepExecutor] Purge db | status=SUCCESS | time=22ms
2022.12.11 15:32:47 INFO  ce[AYUBYw8sj2Fszn6NaHmR][o.s.c.t.s.ComputationStepExecutor] Index analysis | status=SUCCESS | time=1855ms
2022.12.11 15:32:47 INFO  ce[AYUBYw8sj2Fszn6NaHmR][o.s.c.t.s.ComputationStepExecutor] Update need issue sync for branch | status=SUCCESS | time=1ms
2022.12.11 15:32:47 INFO  ce[AYUBYw8sj2Fszn6NaHmR][o.s.c.t.s.ComputationStepExecutor] Publishing taint vulnerabilities events | status=SUCCESS | time=1ms
2022.12.11 15:32:47 INFO  ce[AYUBYw8sj2Fszn6NaHmR][o.s.c.t.s.ComputationStepExecutor] Send issue notifications | newIssuesNotifs=0 | newIssuesDeliveries=0 | myNewIssuesNotifs=0 | myNewIssuesDeliveries=0 | changesNotifs=0 | changesDeliveries=0 | status=SUCCESS | time=1ms
2022.12.11 15:32:47 INFO  ce[AYUBYw8sj2Fszn6NaHmR][o.s.c.t.s.ComputationStepExecutor] Publish task results | status=SUCCESS | time=0ms
2022.12.11 15:32:47 INFO  ce[AYUBYw8sj2Fszn6NaHmR][o.s.c.t.s.ComputationStepExecutor] Trigger refresh of Portfolios and Applications | status=SUCCESS | time=0ms
2022.12.11 15:32:47 INFO  ce[AYUBYw8sj2Fszn6NaHmR][o.s.c.t.p.a.p.PostProjectAnalysisTasksExecutor] Webhooks | globalWebhooks=0 | projectWebhooks=0 | status=SUCCESS | time=2ms
2022.12.11 15:32:47 INFO  ce[AYUBYw8sj2Fszn6NaHmR][o.s.c.t.CeWorkerImpl] Executed task | project=VetAppointment | type=REPORT | id=AYUBYw8sj2Fszn6NaHmR | submitter=admin | status=SUCCESS | time=18665ms
2022.12.11 22:08:24 WARN  ce[][c.z.h.p.HikariPool] HikariPool-1 - Thread starvation or clock leap detected (housekeeper delta=39m50s433ms564µs600ns).
