2022.12.10 21:17:27 INFO  es[][o.e.n.Node] version[7.17.5], pid[9648], build[unknown/unknown/8d61b4f7ddf931f219e3745f295ed2bbc50c8e84/2022-06-23T21:57:28.736740635Z], OS[Windows 10/10.0/amd64], JVM[Microsoft/OpenJDK 64-Bit Server VM/11.0.12/11.0.12+7]
2022.12.10 21:17:27 INFO  es[][o.e.n.Node] JVM home [C:\Program Files\Microsoft\jdk-11.0.12.7-hotspot]
2022.12.10 21:17:27 INFO  es[][o.e.n.Node] JVM arguments [-XX:+UseG1GC, -Djava.io.tmpdir=D:\Facultate\Anul_3\.NET\VetAppointment_S12\sonarqube-9.7.1.62043\temp, -XX:ErrorFile=../logs/es_hs_err_pid%p.log, -Des.networkaddress.cache.ttl=60, -Des.networkaddress.cache.negative.ttl=10, -XX:+AlwaysPreTouch, -Xss1m, -Djava.awt.headless=true, -Dfile.encoding=UTF-8, -Djna.nosys=true, -Djna.tmpdir=D:\Facultate\Anul_3\.NET\VetAppointment_S12\sonarqube-9.7.1.62043\temp, -XX:-OmitStackTraceInFastThrow, -Dio.netty.noUnsafe=true, -Dio.netty.noKeySetOptimization=true, -Dio.netty.recycler.maxCapacityPerThread=0, -Dio.netty.allocator.numDirectArenas=0, -Dlog4j.shutdownHookEnabled=false, -Dlog4j2.disable.jmx=true, -Dlog4j2.formatMsgNoLookups=true, -Djava.locale.providers=COMPAT, -Dcom.redhat.fips=false, -Xmx512m, -Xms512m, -XX:MaxDirectMemorySize=256m, -XX:+HeapDumpOnOutOfMemoryError, -Delasticsearch, -Des.path.home=D:\Facultate\Anul_3\.NET\VetAppointment_S12\sonarqube-9.7.1.62043\elasticsearch, -Des.path.conf=D:\Facultate\Anul_3\.NET\VetAppointment_S12\sonarqube-9.7.1.62043\temp\conf\es]
2022.12.10 21:17:29 INFO  es[][o.e.p.PluginsService] loaded module [analysis-common]
2022.12.10 21:17:29 INFO  es[][o.e.p.PluginsService] loaded module [lang-painless]
2022.12.10 21:17:29 INFO  es[][o.e.p.PluginsService] loaded module [parent-join]
2022.12.10 21:17:29 INFO  es[][o.e.p.PluginsService] loaded module [reindex]
2022.12.10 21:17:29 INFO  es[][o.e.p.PluginsService] loaded module [transport-netty4]
2022.12.10 21:17:29 INFO  es[][o.e.p.PluginsService] no plugins loaded
2022.12.10 21:17:29 INFO  es[][o.e.e.NodeEnvironment] using [1] data paths, mounts [[DATADRIVE1 (D:)]], net usable_space [539gb], net total_space [931.3gb], types [NTFS]
2022.12.10 21:17:29 INFO  es[][o.e.e.NodeEnvironment] heap size [512mb], compressed ordinary object pointers [true]
2022.12.10 21:17:31 INFO  es[][o.e.n.Node] node name [sonarqube], node ID [cbRjyv1fTZaogjG9GRv9Zg], cluster name [sonarqube], roles [data_frozen, master, remote_cluster_client, data, data_content, data_hot, data_warm, data_cold, ingest]
2022.12.10 21:17:43 INFO  es[][o.e.t.NettyAllocator] creating NettyAllocator with the following configs: [name=unpooled, suggested_max_allocation_size=256kb, factors={es.unsafe.use_unpooled_allocator=null, g1gc_enabled=true, g1gc_region_size=1mb, heap_size=512mb}]
2022.12.10 21:17:43 INFO  es[][o.e.i.r.RecoverySettings] using rate limit [40mb] with [default=40mb, read=0b, write=0b, max=0b]
2022.12.10 21:17:44 INFO  es[][o.e.d.DiscoveryModule] using discovery type [zen] and seed hosts providers [settings]
2022.12.10 21:17:45 INFO  es[][o.e.g.DanglingIndicesState] gateway.auto_import_dangling_indices is disabled, dangling indices will not be automatically detected or imported and must be managed manually
2022.12.10 21:17:45 INFO  es[][o.e.n.Node] initialized
2022.12.10 21:17:45 INFO  es[][o.e.n.Node] starting ...
2022.12.10 21:17:48 INFO  es[][o.e.t.TransportService] publish_address {127.0.0.1:56612}, bound_addresses {127.0.0.1:56612}
2022.12.10 21:17:49 INFO  es[][o.e.c.c.Coordinator] setting initial configuration to VotingConfiguration{cbRjyv1fTZaogjG9GRv9Zg}
2022.12.10 21:17:50 INFO  es[][o.e.c.s.MasterService] elected-as-master ([1] nodes joined)[{sonarqube}{cbRjyv1fTZaogjG9GRv9Zg}{chqRUqPFRzevkhwn2f-1gg}{127.0.0.1}{127.0.0.1:56612}{cdfhimrsw} elect leader, _BECOME_MASTER_TASK_, _FINISH_ELECTION_], term: 1, version: 1, delta: master node changed {previous [], current [{sonarqube}{cbRjyv1fTZaogjG9GRv9Zg}{chqRUqPFRzevkhwn2f-1gg}{127.0.0.1}{127.0.0.1:56612}{cdfhimrsw}]}
2022.12.10 21:17:51 INFO  es[][o.e.c.c.CoordinationState] cluster UUID set to [b3MdcDSPSjeirZliyQTtgQ]
2022.12.10 21:17:51 INFO  es[][o.e.c.s.ClusterApplierService] master node changed {previous [], current [{sonarqube}{cbRjyv1fTZaogjG9GRv9Zg}{chqRUqPFRzevkhwn2f-1gg}{127.0.0.1}{127.0.0.1:56612}{cdfhimrsw}]}, term: 1, version: 1, reason: Publication{term=1, version=1}
2022.12.10 21:17:51 ERROR es[][o.e.b.Bootstrap] Exception
org.elasticsearch.http.BindHttpException: Failed to bind to 127.0.0.1:9001
	at org.elasticsearch.http.AbstractHttpServerTransport.bindAddress(AbstractHttpServerTransport.java:196) ~[elasticsearch-7.17.5.jar:7.17.5]
	at org.elasticsearch.http.AbstractHttpServerTransport.bindServer(AbstractHttpServerTransport.java:163) ~[elasticsearch-7.17.5.jar:7.17.5]
	at org.elasticsearch.http.netty4.Netty4HttpServerTransport.doStart(Netty4HttpServerTransport.java:255) ~[?:?]
	at org.elasticsearch.common.component.AbstractLifecycleComponent.start(AbstractLifecycleComponent.java:48) ~[elasticsearch-7.17.5.jar:7.17.5]
	at org.elasticsearch.node.Node.start(Node.java:1265) ~[elasticsearch-7.17.5.jar:7.17.5]
	at org.elasticsearch.bootstrap.Bootstrap.start(Bootstrap.java:335) ~[elasticsearch-7.17.5.jar:7.17.5]
	at org.elasticsearch.bootstrap.Bootstrap.init(Bootstrap.java:443) [elasticsearch-7.17.5.jar:7.17.5]
	at org.elasticsearch.bootstrap.Elasticsearch.init(Elasticsearch.java:169) [elasticsearch-7.17.5.jar:7.17.5]
	at org.elasticsearch.bootstrap.Elasticsearch.execute(Elasticsearch.java:160) [elasticsearch-7.17.5.jar:7.17.5]
	at org.elasticsearch.cli.EnvironmentAwareCommand.execute(EnvironmentAwareCommand.java:77) [elasticsearch-7.17.5.jar:7.17.5]
	at org.elasticsearch.cli.Command.mainWithoutErrorHandling(Command.java:112) [elasticsearch-cli-7.17.5.jar:7.17.5]
	at org.elasticsearch.cli.Command.main(Command.java:77) [elasticsearch-cli-7.17.5.jar:7.17.5]
	at org.elasticsearch.bootstrap.Elasticsearch.main(Elasticsearch.java:125) [elasticsearch-7.17.5.jar:7.17.5]
	at org.elasticsearch.bootstrap.Elasticsearch.main(Elasticsearch.java:80) [elasticsearch-7.17.5.jar:7.17.5]
Caused by: java.net.BindException: Address already in use: bind
	at sun.nio.ch.Net.bind0(Native Method) ~[?:?]
	at sun.nio.ch.Net.bind(Net.java:455) ~[?:?]
	at sun.nio.ch.Net.bind(Net.java:447) ~[?:?]
	at sun.nio.ch.ServerSocketChannelImpl.bind(ServerSocketChannelImpl.java:227) ~[?:?]
	at io.netty.channel.socket.nio.NioServerSocketChannel.doBind(NioServerSocketChannel.java:134) ~[?:?]
	at io.netty.channel.AbstractChannel$AbstractUnsafe.bind(AbstractChannel.java:562) ~[?:?]
	at io.netty.channel.DefaultChannelPipeline$HeadContext.bind(DefaultChannelPipeline.java:1334) ~[?:?]
	at io.netty.channel.AbstractChannelHandlerContext.invokeBind(AbstractChannelHandlerContext.java:506) ~[?:?]
	at io.netty.channel.AbstractChannelHandlerContext.bind(AbstractChannelHandlerContext.java:491) ~[?:?]
	at io.netty.channel.DefaultChannelPipeline.bind(DefaultChannelPipeline.java:973) ~[?:?]
	at io.netty.channel.AbstractChannel.bind(AbstractChannel.java:260) ~[?:?]
	at io.netty.bootstrap.AbstractBootstrap$2.run(AbstractBootstrap.java:356) ~[?:?]
	at io.netty.util.concurrent.AbstractEventExecutor.safeExecute(AbstractEventExecutor.java:164) ~[?:?]
	at io.netty.util.concurrent.SingleThreadEventExecutor.runAllTasks(SingleThreadEventExecutor.java:469) ~[?:?]
	at io.netty.channel.nio.NioEventLoop.run(NioEventLoop.java:500) ~[?:?]
	at io.netty.util.concurrent.SingleThreadEventExecutor$4.run(SingleThreadEventExecutor.java:986) ~[?:?]
	at io.netty.util.internal.ThreadExecutorMap$2.run(ThreadExecutorMap.java:74) ~[?:?]
	at java.lang.Thread.run(Thread.java:829) ~[?:?]
2022.12.10 21:17:51 ERROR es[][o.e.b.ElasticsearchUncaughtExceptionHandler] uncaught exception in thread [main]
org.elasticsearch.bootstrap.StartupException: BindHttpException[Failed to bind to 127.0.0.1:9001]; nested: BindException[Address already in use: bind];
	at org.elasticsearch.bootstrap.Elasticsearch.init(Elasticsearch.java:173) ~[elasticsearch-7.17.5.jar:7.17.5]
	at org.elasticsearch.bootstrap.Elasticsearch.execute(Elasticsearch.java:160) ~[elasticsearch-7.17.5.jar:7.17.5]
	at org.elasticsearch.cli.EnvironmentAwareCommand.execute(EnvironmentAwareCommand.java:77) ~[elasticsearch-7.17.5.jar:7.17.5]
	at org.elasticsearch.cli.Command.mainWithoutErrorHandling(Command.java:112) ~[elasticsearch-cli-7.17.5.jar:7.17.5]
	at org.elasticsearch.cli.Command.main(Command.java:77) ~[elasticsearch-cli-7.17.5.jar:7.17.5]
	at org.elasticsearch.bootstrap.Elasticsearch.main(Elasticsearch.java:125) ~[elasticsearch-7.17.5.jar:7.17.5]
	at org.elasticsearch.bootstrap.Elasticsearch.main(Elasticsearch.java:80) ~[elasticsearch-7.17.5.jar:7.17.5]
Caused by: org.elasticsearch.http.BindHttpException: Failed to bind to 127.0.0.1:9001
	at org.elasticsearch.http.AbstractHttpServerTransport.bindAddress(AbstractHttpServerTransport.java:196) ~[elasticsearch-7.17.5.jar:7.17.5]
	at org.elasticsearch.http.AbstractHttpServerTransport.bindServer(AbstractHttpServerTransport.java:163) ~[elasticsearch-7.17.5.jar:7.17.5]
	at org.elasticsearch.http.netty4.Netty4HttpServerTransport.doStart(Netty4HttpServerTransport.java:255) ~[?:?]
	at org.elasticsearch.common.component.AbstractLifecycleComponent.start(AbstractLifecycleComponent.java:48) ~[elasticsearch-7.17.5.jar:7.17.5]
	at org.elasticsearch.node.Node.start(Node.java:1265) ~[elasticsearch-7.17.5.jar:7.17.5]
	at org.elasticsearch.bootstrap.Bootstrap.start(Bootstrap.java:335) ~[elasticsearch-7.17.5.jar:7.17.5]
	at org.elasticsearch.bootstrap.Bootstrap.init(Bootstrap.java:443) ~[elasticsearch-7.17.5.jar:7.17.5]
	at org.elasticsearch.bootstrap.Elasticsearch.init(Elasticsearch.java:169) ~[elasticsearch-7.17.5.jar:7.17.5]
	... 6 more
Caused by: java.net.BindException: Address already in use: bind
	at sun.nio.ch.Net.bind0(Native Method) ~[?:?]
	at sun.nio.ch.Net.bind(Net.java:455) ~[?:?]
	at sun.nio.ch.Net.bind(Net.java:447) ~[?:?]
	at sun.nio.ch.ServerSocketChannelImpl.bind(ServerSocketChannelImpl.java:227) ~[?:?]
	at io.netty.channel.socket.nio.NioServerSocketChannel.doBind(NioServerSocketChannel.java:134) ~[?:?]
	at io.netty.channel.AbstractChannel$AbstractUnsafe.bind(AbstractChannel.java:562) ~[?:?]
	at io.netty.channel.DefaultChannelPipeline$HeadContext.bind(DefaultChannelPipeline.java:1334) ~[?:?]
	at io.netty.channel.AbstractChannelHandlerContext.invokeBind(AbstractChannelHandlerContext.java:506) ~[?:?]
	at io.netty.channel.AbstractChannelHandlerContext.bind(AbstractChannelHandlerContext.java:491) ~[?:?]
	at io.netty.channel.DefaultChannelPipeline.bind(DefaultChannelPipeline.java:973) ~[?:?]
	at io.netty.channel.AbstractChannel.bind(AbstractChannel.java:260) ~[?:?]
	at io.netty.bootstrap.AbstractBootstrap$2.run(AbstractBootstrap.java:356) ~[?:?]
	at io.netty.util.concurrent.AbstractEventExecutor.safeExecute(AbstractEventExecutor.java:164) ~[?:?]
	at io.netty.util.concurrent.SingleThreadEventExecutor.runAllTasks(SingleThreadEventExecutor.java:469) ~[?:?]
	at io.netty.channel.nio.NioEventLoop.run(NioEventLoop.java:500) ~[?:?]
	at io.netty.util.concurrent.SingleThreadEventExecutor$4.run(SingleThreadEventExecutor.java:986) ~[?:?]
	at io.netty.util.internal.ThreadExecutorMap$2.run(ThreadExecutorMap.java:74) ~[?:?]
	at java.lang.Thread.run(Thread.java:829) [?:?]
2022.12.10 21:17:51 INFO  es[][o.e.n.Node] stopping ...
2022.12.10 21:17:51 INFO  es[][o.e.g.GatewayService] recovered [0] indices into cluster_state
2022.12.10 21:17:51 INFO  es[][o.e.n.Node] stopped
2022.12.10 21:17:51 INFO  es[][o.e.n.Node] closing ...
2022.12.10 21:17:51 INFO  es[][o.e.n.Node] closed
2022.12.10 21:18:30 INFO  es[][o.e.n.Node] version[7.17.5], pid[17364], build[unknown/unknown/8d61b4f7ddf931f219e3745f295ed2bbc50c8e84/2022-06-23T21:57:28.736740635Z], OS[Windows 10/10.0/amd64], JVM[Microsoft/OpenJDK 64-Bit Server VM/11.0.12/11.0.12+7]
2022.12.10 21:18:30 INFO  es[][o.e.n.Node] JVM home [C:\Program Files\Microsoft\jdk-11.0.12.7-hotspot]
2022.12.10 21:18:30 INFO  es[][o.e.n.Node] JVM arguments [-XX:+UseG1GC, -Djava.io.tmpdir=D:\Facultate\Anul_3\.NET\VetAppointment_S12\sonarqube-9.7.1.62043\temp, -XX:ErrorFile=../logs/es_hs_err_pid%p.log, -Des.networkaddress.cache.ttl=60, -Des.networkaddress.cache.negative.ttl=10, -XX:+AlwaysPreTouch, -Xss1m, -Djava.awt.headless=true, -Dfile.encoding=UTF-8, -Djna.nosys=true, -Djna.tmpdir=D:\Facultate\Anul_3\.NET\VetAppointment_S12\sonarqube-9.7.1.62043\temp, -XX:-OmitStackTraceInFastThrow, -Dio.netty.noUnsafe=true, -Dio.netty.noKeySetOptimization=true, -Dio.netty.recycler.maxCapacityPerThread=0, -Dio.netty.allocator.numDirectArenas=0, -Dlog4j.shutdownHookEnabled=false, -Dlog4j2.disable.jmx=true, -Dlog4j2.formatMsgNoLookups=true, -Djava.locale.providers=COMPAT, -Dcom.redhat.fips=false, -Xmx512m, -Xms512m, -XX:MaxDirectMemorySize=256m, -XX:+HeapDumpOnOutOfMemoryError, -Delasticsearch, -Des.path.home=D:\Facultate\Anul_3\.NET\VetAppointment_S12\sonarqube-9.7.1.62043\elasticsearch, -Des.path.conf=D:\Facultate\Anul_3\.NET\VetAppointment_S12\sonarqube-9.7.1.62043\temp\conf\es]
2022.12.10 21:18:33 INFO  es[][o.e.p.PluginsService] loaded module [analysis-common]
2022.12.10 21:18:33 INFO  es[][o.e.p.PluginsService] loaded module [lang-painless]
2022.12.10 21:18:33 INFO  es[][o.e.p.PluginsService] loaded module [parent-join]
2022.12.10 21:18:33 INFO  es[][o.e.p.PluginsService] loaded module [reindex]
2022.12.10 21:18:33 INFO  es[][o.e.p.PluginsService] loaded module [transport-netty4]
2022.12.10 21:18:33 INFO  es[][o.e.p.PluginsService] no plugins loaded
2022.12.10 21:18:33 INFO  es[][o.e.e.NodeEnvironment] using [1] data paths, mounts [[DATADRIVE1 (D:)]], net usable_space [539gb], net total_space [931.3gb], types [NTFS]
2022.12.10 21:18:33 INFO  es[][o.e.e.NodeEnvironment] heap size [512mb], compressed ordinary object pointers [true]
2022.12.10 21:18:33 INFO  es[][o.e.n.Node] node name [sonarqube], node ID [cbRjyv1fTZaogjG9GRv9Zg], cluster name [sonarqube], roles [data_frozen, master, remote_cluster_client, data, data_content, data_hot, data_warm, data_cold, ingest]
2022.12.10 21:18:47 INFO  es[][o.e.t.NettyAllocator] creating NettyAllocator with the following configs: [name=unpooled, suggested_max_allocation_size=256kb, factors={es.unsafe.use_unpooled_allocator=null, g1gc_enabled=true, g1gc_region_size=1mb, heap_size=512mb}]
2022.12.10 21:18:47 INFO  es[][o.e.i.r.RecoverySettings] using rate limit [40mb] with [default=40mb, read=0b, write=0b, max=0b]
2022.12.10 21:18:47 INFO  es[][o.e.d.DiscoveryModule] using discovery type [zen] and seed hosts providers [settings]
2022.12.10 21:18:48 INFO  es[][o.e.g.DanglingIndicesState] gateway.auto_import_dangling_indices is disabled, dangling indices will not be automatically detected or imported and must be managed manually
2022.12.10 21:18:48 INFO  es[][o.e.n.Node] initialized
2022.12.10 21:18:48 INFO  es[][o.e.n.Node] starting ...
2022.12.10 21:18:50 INFO  es[][o.e.t.TransportService] publish_address {127.0.0.1:56708}, bound_addresses {127.0.0.1:56708}
2022.12.10 21:18:51 INFO  es[][o.e.c.c.Coordinator] cluster UUID [b3MdcDSPSjeirZliyQTtgQ]
2022.12.10 21:18:52 INFO  es[][o.e.c.s.MasterService] elected-as-master ([1] nodes joined)[{sonarqube}{cbRjyv1fTZaogjG9GRv9Zg}{3snowXU_TMGoOIZVJudfww}{127.0.0.1}{127.0.0.1:56708}{cdfhimrsw} elect leader, _BECOME_MASTER_TASK_, _FINISH_ELECTION_], term: 2, version: 3, delta: master node changed {previous [], current [{sonarqube}{cbRjyv1fTZaogjG9GRv9Zg}{3snowXU_TMGoOIZVJudfww}{127.0.0.1}{127.0.0.1:56708}{cdfhimrsw}]}
2022.12.10 21:18:52 INFO  es[][o.e.c.s.ClusterApplierService] master node changed {previous [], current [{sonarqube}{cbRjyv1fTZaogjG9GRv9Zg}{3snowXU_TMGoOIZVJudfww}{127.0.0.1}{127.0.0.1:56708}{cdfhimrsw}]}, term: 2, version: 3, reason: Publication{term=2, version=3}
2022.12.10 21:18:52 ERROR es[][o.e.b.Bootstrap] Exception
org.elasticsearch.http.BindHttpException: Failed to bind to 127.0.0.1:9001
	at org.elasticsearch.http.AbstractHttpServerTransport.bindAddress(AbstractHttpServerTransport.java:196) ~[elasticsearch-7.17.5.jar:7.17.5]
	at org.elasticsearch.http.AbstractHttpServerTransport.bindServer(AbstractHttpServerTransport.java:163) ~[elasticsearch-7.17.5.jar:7.17.5]
	at org.elasticsearch.http.netty4.Netty4HttpServerTransport.doStart(Netty4HttpServerTransport.java:255) ~[?:?]
	at org.elasticsearch.common.component.AbstractLifecycleComponent.start(AbstractLifecycleComponent.java:48) ~[elasticsearch-7.17.5.jar:7.17.5]
	at org.elasticsearch.node.Node.start(Node.java:1265) ~[elasticsearch-7.17.5.jar:7.17.5]
	at org.elasticsearch.bootstrap.Bootstrap.start(Bootstrap.java:335) ~[elasticsearch-7.17.5.jar:7.17.5]
	at org.elasticsearch.bootstrap.Bootstrap.init(Bootstrap.java:443) [elasticsearch-7.17.5.jar:7.17.5]
	at org.elasticsearch.bootstrap.Elasticsearch.init(Elasticsearch.java:169) [elasticsearch-7.17.5.jar:7.17.5]
	at org.elasticsearch.bootstrap.Elasticsearch.execute(Elasticsearch.java:160) [elasticsearch-7.17.5.jar:7.17.5]
	at org.elasticsearch.cli.EnvironmentAwareCommand.execute(EnvironmentAwareCommand.java:77) [elasticsearch-7.17.5.jar:7.17.5]
	at org.elasticsearch.cli.Command.mainWithoutErrorHandling(Command.java:112) [elasticsearch-cli-7.17.5.jar:7.17.5]
	at org.elasticsearch.cli.Command.main(Command.java:77) [elasticsearch-cli-7.17.5.jar:7.17.5]
	at org.elasticsearch.bootstrap.Elasticsearch.main(Elasticsearch.java:125) [elasticsearch-7.17.5.jar:7.17.5]
	at org.elasticsearch.bootstrap.Elasticsearch.main(Elasticsearch.java:80) [elasticsearch-7.17.5.jar:7.17.5]
Caused by: java.net.BindException: Address already in use: bind
	at sun.nio.ch.Net.bind0(Native Method) ~[?:?]
	at sun.nio.ch.Net.bind(Net.java:455) ~[?:?]
	at sun.nio.ch.Net.bind(Net.java:447) ~[?:?]
	at sun.nio.ch.ServerSocketChannelImpl.bind(ServerSocketChannelImpl.java:227) ~[?:?]
	at io.netty.channel.socket.nio.NioServerSocketChannel.doBind(NioServerSocketChannel.java:134) ~[?:?]
	at io.netty.channel.AbstractChannel$AbstractUnsafe.bind(AbstractChannel.java:562) ~[?:?]
	at io.netty.channel.DefaultChannelPipeline$HeadContext.bind(DefaultChannelPipeline.java:1334) ~[?:?]
	at io.netty.channel.AbstractChannelHandlerContext.invokeBind(AbstractChannelHandlerContext.java:506) ~[?:?]
	at io.netty.channel.AbstractChannelHandlerContext.bind(AbstractChannelHandlerContext.java:491) ~[?:?]
	at io.netty.channel.DefaultChannelPipeline.bind(DefaultChannelPipeline.java:973) ~[?:?]
	at io.netty.channel.AbstractChannel.bind(AbstractChannel.java:260) ~[?:?]
	at io.netty.bootstrap.AbstractBootstrap$2.run(AbstractBootstrap.java:356) ~[?:?]
	at io.netty.util.concurrent.AbstractEventExecutor.safeExecute(AbstractEventExecutor.java:164) ~[?:?]
	at io.netty.util.concurrent.SingleThreadEventExecutor.runAllTasks(SingleThreadEventExecutor.java:469) ~[?:?]
	at io.netty.channel.nio.NioEventLoop.run(NioEventLoop.java:500) ~[?:?]
	at io.netty.util.concurrent.SingleThreadEventExecutor$4.run(SingleThreadEventExecutor.java:986) ~[?:?]
	at io.netty.util.internal.ThreadExecutorMap$2.run(ThreadExecutorMap.java:74) ~[?:?]
	at java.lang.Thread.run(Thread.java:829) ~[?:?]
2022.12.10 21:18:52 ERROR es[][o.e.b.ElasticsearchUncaughtExceptionHandler] uncaught exception in thread [main]
org.elasticsearch.bootstrap.StartupException: BindHttpException[Failed to bind to 127.0.0.1:9001]; nested: BindException[Address already in use: bind];
	at org.elasticsearch.bootstrap.Elasticsearch.init(Elasticsearch.java:173) ~[elasticsearch-7.17.5.jar:7.17.5]
	at org.elasticsearch.bootstrap.Elasticsearch.execute(Elasticsearch.java:160) ~[elasticsearch-7.17.5.jar:7.17.5]
	at org.elasticsearch.cli.EnvironmentAwareCommand.execute(EnvironmentAwareCommand.java:77) ~[elasticsearch-7.17.5.jar:7.17.5]
	at org.elasticsearch.cli.Command.mainWithoutErrorHandling(Command.java:112) ~[elasticsearch-cli-7.17.5.jar:7.17.5]
	at org.elasticsearch.cli.Command.main(Command.java:77) ~[elasticsearch-cli-7.17.5.jar:7.17.5]
	at org.elasticsearch.bootstrap.Elasticsearch.main(Elasticsearch.java:125) ~[elasticsearch-7.17.5.jar:7.17.5]
	at org.elasticsearch.bootstrap.Elasticsearch.main(Elasticsearch.java:80) ~[elasticsearch-7.17.5.jar:7.17.5]
Caused by: org.elasticsearch.http.BindHttpException: Failed to bind to 127.0.0.1:9001
	at org.elasticsearch.http.AbstractHttpServerTransport.bindAddress(AbstractHttpServerTransport.java:196) ~[elasticsearch-7.17.5.jar:7.17.5]
	at org.elasticsearch.http.AbstractHttpServerTransport.bindServer(AbstractHttpServerTransport.java:163) ~[elasticsearch-7.17.5.jar:7.17.5]
	at org.elasticsearch.http.netty4.Netty4HttpServerTransport.doStart(Netty4HttpServerTransport.java:255) ~[?:?]
	at org.elasticsearch.common.component.AbstractLifecycleComponent.start(AbstractLifecycleComponent.java:48) ~[elasticsearch-7.17.5.jar:7.17.5]
	at org.elasticsearch.node.Node.start(Node.java:1265) ~[elasticsearch-7.17.5.jar:7.17.5]
	at org.elasticsearch.bootstrap.Bootstrap.start(Bootstrap.java:335) ~[elasticsearch-7.17.5.jar:7.17.5]
	at org.elasticsearch.bootstrap.Bootstrap.init(Bootstrap.java:443) ~[elasticsearch-7.17.5.jar:7.17.5]
	at org.elasticsearch.bootstrap.Elasticsearch.init(Elasticsearch.java:169) ~[elasticsearch-7.17.5.jar:7.17.5]
	... 6 more
Caused by: java.net.BindException: Address already in use: bind
	at sun.nio.ch.Net.bind0(Native Method) ~[?:?]
	at sun.nio.ch.Net.bind(Net.java:455) ~[?:?]
	at sun.nio.ch.Net.bind(Net.java:447) ~[?:?]
	at sun.nio.ch.ServerSocketChannelImpl.bind(ServerSocketChannelImpl.java:227) ~[?:?]
	at io.netty.channel.socket.nio.NioServerSocketChannel.doBind(NioServerSocketChannel.java:134) ~[?:?]
	at io.netty.channel.AbstractChannel$AbstractUnsafe.bind(AbstractChannel.java:562) ~[?:?]
	at io.netty.channel.DefaultChannelPipeline$HeadContext.bind(DefaultChannelPipeline.java:1334) ~[?:?]
	at io.netty.channel.AbstractChannelHandlerContext.invokeBind(AbstractChannelHandlerContext.java:506) ~[?:?]
	at io.netty.channel.AbstractChannelHandlerContext.bind(AbstractChannelHandlerContext.java:491) ~[?:?]
	at io.netty.channel.DefaultChannelPipeline.bind(DefaultChannelPipeline.java:973) ~[?:?]
	at io.netty.channel.AbstractChannel.bind(AbstractChannel.java:260) ~[?:?]
	at io.netty.bootstrap.AbstractBootstrap$2.run(AbstractBootstrap.java:356) ~[?:?]
	at io.netty.util.concurrent.AbstractEventExecutor.safeExecute(AbstractEventExecutor.java:164) ~[?:?]
	at io.netty.util.concurrent.SingleThreadEventExecutor.runAllTasks(SingleThreadEventExecutor.java:469) ~[?:?]
	at io.netty.channel.nio.NioEventLoop.run(NioEventLoop.java:500) ~[?:?]
	at io.netty.util.concurrent.SingleThreadEventExecutor$4.run(SingleThreadEventExecutor.java:986) ~[?:?]
	at io.netty.util.internal.ThreadExecutorMap$2.run(ThreadExecutorMap.java:74) ~[?:?]
	at java.lang.Thread.run(Thread.java:829) [?:?]
2022.12.10 21:18:52 INFO  es[][o.e.n.Node] stopping ...
2022.12.10 21:18:52 INFO  es[][o.e.g.GatewayService] recovered [0] indices into cluster_state
2022.12.10 21:18:52 INFO  es[][o.e.n.Node] stopped
2022.12.10 21:18:52 INFO  es[][o.e.n.Node] closing ...
2022.12.10 21:18:53 INFO  es[][o.e.n.Node] closed
2022.12.10 21:21:51 INFO  es[][o.e.n.Node] version[7.17.5], pid[19532], build[unknown/unknown/8d61b4f7ddf931f219e3745f295ed2bbc50c8e84/2022-06-23T21:57:28.736740635Z], OS[Windows 10/10.0/amd64], JVM[Microsoft/OpenJDK 64-Bit Server VM/11.0.12/11.0.12+7]
2022.12.10 21:21:51 INFO  es[][o.e.n.Node] JVM home [C:\Program Files\Microsoft\jdk-11.0.12.7-hotspot]
2022.12.10 21:21:51 INFO  es[][o.e.n.Node] JVM arguments [-XX:+UseG1GC, -Djava.io.tmpdir=D:\Facultate\Anul_3\.NET\VetAppointment_S12\sonarqube-9.7.1.62043\temp, -XX:ErrorFile=../logs/es_hs_err_pid%p.log, -Des.networkaddress.cache.ttl=60, -Des.networkaddress.cache.negative.ttl=10, -XX:+AlwaysPreTouch, -Xss1m, -Djava.awt.headless=true, -Dfile.encoding=UTF-8, -Djna.nosys=true, -Djna.tmpdir=D:\Facultate\Anul_3\.NET\VetAppointment_S12\sonarqube-9.7.1.62043\temp, -XX:-OmitStackTraceInFastThrow, -Dio.netty.noUnsafe=true, -Dio.netty.noKeySetOptimization=true, -Dio.netty.recycler.maxCapacityPerThread=0, -Dio.netty.allocator.numDirectArenas=0, -Dlog4j.shutdownHookEnabled=false, -Dlog4j2.disable.jmx=true, -Dlog4j2.formatMsgNoLookups=true, -Djava.locale.providers=COMPAT, -Dcom.redhat.fips=false, -Xmx512m, -Xms512m, -XX:MaxDirectMemorySize=256m, -XX:+HeapDumpOnOutOfMemoryError, -Delasticsearch, -Des.path.home=D:\Facultate\Anul_3\.NET\VetAppointment_S12\sonarqube-9.7.1.62043\elasticsearch, -Des.path.conf=D:\Facultate\Anul_3\.NET\VetAppointment_S12\sonarqube-9.7.1.62043\temp\conf\es]
2022.12.10 21:21:52 INFO  es[][o.e.p.PluginsService] loaded module [analysis-common]
2022.12.10 21:21:52 INFO  es[][o.e.p.PluginsService] loaded module [lang-painless]
2022.12.10 21:21:52 INFO  es[][o.e.p.PluginsService] loaded module [parent-join]
2022.12.10 21:21:52 INFO  es[][o.e.p.PluginsService] loaded module [reindex]
2022.12.10 21:21:52 INFO  es[][o.e.p.PluginsService] loaded module [transport-netty4]
2022.12.10 21:21:52 INFO  es[][o.e.p.PluginsService] no plugins loaded
2022.12.10 21:21:52 INFO  es[][o.e.e.NodeEnvironment] using [1] data paths, mounts [[DATADRIVE1 (D:)]], net usable_space [539gb], net total_space [931.3gb], types [NTFS]
2022.12.10 21:21:52 INFO  es[][o.e.e.NodeEnvironment] heap size [512mb], compressed ordinary object pointers [true]
2022.12.10 21:21:53 INFO  es[][o.e.n.Node] node name [sonarqube], node ID [cbRjyv1fTZaogjG9GRv9Zg], cluster name [sonarqube], roles [data_frozen, master, remote_cluster_client, data, data_content, data_hot, data_warm, data_cold, ingest]
2022.12.10 21:22:05 INFO  es[][o.e.t.NettyAllocator] creating NettyAllocator with the following configs: [name=unpooled, suggested_max_allocation_size=256kb, factors={es.unsafe.use_unpooled_allocator=null, g1gc_enabled=true, g1gc_region_size=1mb, heap_size=512mb}]
2022.12.10 21:22:05 INFO  es[][o.e.i.r.RecoverySettings] using rate limit [40mb] with [default=40mb, read=0b, write=0b, max=0b]
2022.12.10 21:22:05 INFO  es[][o.e.d.DiscoveryModule] using discovery type [zen] and seed hosts providers [settings]
2022.12.10 21:22:07 INFO  es[][o.e.g.DanglingIndicesState] gateway.auto_import_dangling_indices is disabled, dangling indices will not be automatically detected or imported and must be managed manually
2022.12.10 21:22:07 INFO  es[][o.e.n.Node] initialized
2022.12.10 21:22:07 INFO  es[][o.e.n.Node] starting ...
2022.12.10 21:22:09 INFO  es[][o.e.t.TransportService] publish_address {127.0.0.1:56823}, bound_addresses {127.0.0.1:56823}
2022.12.10 21:22:10 INFO  es[][o.e.c.c.Coordinator] cluster UUID [b3MdcDSPSjeirZliyQTtgQ]
2022.12.10 21:22:10 INFO  es[][o.e.c.s.MasterService] elected-as-master ([1] nodes joined)[{sonarqube}{cbRjyv1fTZaogjG9GRv9Zg}{Kt5QOAw5RrGOIaSEiQd7Rg}{127.0.0.1}{127.0.0.1:56823}{cdfhimrsw} elect leader, _BECOME_MASTER_TASK_, _FINISH_ELECTION_], term: 3, version: 5, delta: master node changed {previous [], current [{sonarqube}{cbRjyv1fTZaogjG9GRv9Zg}{Kt5QOAw5RrGOIaSEiQd7Rg}{127.0.0.1}{127.0.0.1:56823}{cdfhimrsw}]}
2022.12.10 21:22:11 INFO  es[][o.e.c.s.ClusterApplierService] master node changed {previous [], current [{sonarqube}{cbRjyv1fTZaogjG9GRv9Zg}{Kt5QOAw5RrGOIaSEiQd7Rg}{127.0.0.1}{127.0.0.1:56823}{cdfhimrsw}]}, term: 3, version: 5, reason: Publication{term=3, version=5}
2022.12.10 21:22:11 INFO  es[][o.e.h.AbstractHttpServerTransport] publish_address {127.0.0.1:8088}, bound_addresses {127.0.0.1:8088}
2022.12.10 21:22:11 INFO  es[][o.e.n.Node] started
2022.12.10 21:22:11 INFO  es[][o.e.g.GatewayService] recovered [0] indices into cluster_state
2022.12.10 21:22:46 INFO  es[][o.e.c.m.MetadataCreateIndexService] [metadatas] creating index, cause [api], templates [], shards [1]/[0]
2022.12.10 21:22:47 INFO  es[][o.e.c.r.a.AllocationService] Cluster health status changed from [YELLOW] to [GREEN] (reason: [shards started [[metadatas][0]]]).
2022.12.10 21:22:48 INFO  es[][o.e.c.m.MetadataMappingService] [metadatas/RqKhR6ywSi2RNDepY6H7Hw] create_mapping [metadata]
2022.12.10 21:22:52 INFO  es[][o.e.c.m.MetadataCreateIndexService] [components] creating index, cause [api], templates [], shards [5]/[0]
2022.12.10 21:22:56 INFO  es[][o.e.c.r.a.AllocationService] Cluster health status changed from [YELLOW] to [GREEN] (reason: [shards started [[components][4]]]).
2022.12.10 21:22:57 INFO  es[][o.e.c.m.MetadataMappingService] [components/zWL7sR3VQVCOUzTEvwbWew] create_mapping [auth]
2022.12.10 21:22:59 INFO  es[][o.e.c.m.MetadataCreateIndexService] [projectmeasures] creating index, cause [api], templates [], shards [5]/[0]
2022.12.10 21:23:03 INFO  es[][o.e.c.r.a.AllocationService] Cluster health status changed from [YELLOW] to [GREEN] (reason: [shards started [[projectmeasures][4]]]).
2022.12.10 21:23:04 INFO  es[][o.e.c.m.MetadataMappingService] [projectmeasures/nIxR_4wrSry4VHS3CkBWnw] create_mapping [auth]
2022.12.10 21:23:06 INFO  es[][o.e.c.m.MetadataCreateIndexService] [rules] creating index, cause [api], templates [], shards [2]/[0]
2022.12.10 21:23:08 INFO  es[][o.e.c.r.a.AllocationService] Cluster health status changed from [YELLOW] to [GREEN] (reason: [shards started [[rules][0]]]).
2022.12.10 21:23:08 INFO  es[][o.e.c.m.MetadataMappingService] [rules/2dY-E5mVTHmL6OqhT_71_Q] create_mapping [rule]
2022.12.10 21:23:11 INFO  es[][o.e.c.m.MetadataCreateIndexService] [issues] creating index, cause [api], templates [], shards [5]/[0]
2022.12.10 21:23:16 INFO  es[][o.e.c.r.a.AllocationService] Cluster health status changed from [YELLOW] to [GREEN] (reason: [shards started [[issues][4]]]).
2022.12.10 21:23:16 INFO  es[][o.e.c.m.MetadataMappingService] [issues/xuHriLsqSje0UUYpfBuQEA] create_mapping [auth]
2022.12.10 21:23:17 INFO  es[][o.e.c.m.MetadataCreateIndexService] [users] creating index, cause [api], templates [], shards [1]/[0]
2022.12.10 21:23:19 INFO  es[][o.e.c.r.a.AllocationService] Cluster health status changed from [YELLOW] to [GREEN] (reason: [shards started [[users][0]]]).
2022.12.10 21:23:19 INFO  es[][o.e.c.m.MetadataMappingService] [users/-oxpGzqqROCz-k7Y8gisjg] create_mapping [user]
2022.12.10 21:23:21 INFO  es[][o.e.c.m.MetadataCreateIndexService] [views] creating index, cause [api], templates [], shards [5]/[0]
2022.12.10 21:23:25 INFO  es[][o.e.c.r.a.AllocationService] Cluster health status changed from [YELLOW] to [GREEN] (reason: [shards started [[views][4]]]).
2022.12.10 21:23:25 INFO  es[][o.e.c.m.MetadataMappingService] [views/k0FZ7iWPR-uod8OQPO-VWQ] create_mapping [view]
2022.12.10 21:24:52 INFO  es[][o.e.c.s.IndexScopedSettings] updating [index.refresh_interval] from [30s] to [-1]
2022.12.10 21:24:52 INFO  es[][o.e.c.s.IndexScopedSettings] updating [index.refresh_interval] from [30s] to [-1]
2022.12.10 21:24:55 INFO  es[][o.e.c.s.IndexScopedSettings] updating [index.refresh_interval] from [-1] to [30s]
2022.12.10 21:24:56 INFO  es[][o.e.c.s.IndexScopedSettings] updating [index.refresh_interval] from [-1] to [30s]
2022.12.10 21:24:58 INFO  es[][o.e.c.s.IndexScopedSettings] updating [index.refresh_interval] from [30s] to [-1]
2022.12.10 21:24:58 INFO  es[][o.e.c.s.IndexScopedSettings] updating [index.refresh_interval] from [30s] to [-1]
2022.12.10 21:24:58 INFO  es[][o.e.c.s.IndexScopedSettings] updating [index.refresh_interval] from [-1] to [30s]
2022.12.10 21:24:58 INFO  es[][o.e.c.s.IndexScopedSettings] updating [index.refresh_interval] from [-1] to [30s]
2022.12.10 21:27:29 INFO  es[][o.e.n.Node] version[7.17.5], pid[10864], build[unknown/unknown/8d61b4f7ddf931f219e3745f295ed2bbc50c8e84/2022-06-23T21:57:28.736740635Z], OS[Windows 10/10.0/amd64], JVM[Microsoft/OpenJDK 64-Bit Server VM/11.0.12/11.0.12+7]
2022.12.10 21:27:29 INFO  es[][o.e.n.Node] JVM home [C:\Program Files\Microsoft\jdk-11.0.12.7-hotspot]
2022.12.10 21:27:29 INFO  es[][o.e.n.Node] JVM arguments [-XX:+UseG1GC, -Djava.io.tmpdir=D:\Facultate\Anul_3\.NET\VetAppointment_S12\sonarqube-9.7.1.62043\temp, -XX:ErrorFile=../logs/es_hs_err_pid%p.log, -Des.networkaddress.cache.ttl=60, -Des.networkaddress.cache.negative.ttl=10, -XX:+AlwaysPreTouch, -Xss1m, -Djava.awt.headless=true, -Dfile.encoding=UTF-8, -Djna.nosys=true, -Djna.tmpdir=D:\Facultate\Anul_3\.NET\VetAppointment_S12\sonarqube-9.7.1.62043\temp, -XX:-OmitStackTraceInFastThrow, -Dio.netty.noUnsafe=true, -Dio.netty.noKeySetOptimization=true, -Dio.netty.recycler.maxCapacityPerThread=0, -Dio.netty.allocator.numDirectArenas=0, -Dlog4j.shutdownHookEnabled=false, -Dlog4j2.disable.jmx=true, -Dlog4j2.formatMsgNoLookups=true, -Djava.locale.providers=COMPAT, -Dcom.redhat.fips=false, -Xmx512m, -Xms512m, -XX:MaxDirectMemorySize=256m, -XX:+HeapDumpOnOutOfMemoryError, -Delasticsearch, -Des.path.home=D:\Facultate\Anul_3\.NET\VetAppointment_S12\sonarqube-9.7.1.62043\elasticsearch, -Des.path.conf=D:\Facultate\Anul_3\.NET\VetAppointment_S12\sonarqube-9.7.1.62043\temp\conf\es]
2022.12.10 21:27:31 INFO  es[][o.e.p.PluginsService] loaded module [analysis-common]
2022.12.10 21:27:31 INFO  es[][o.e.p.PluginsService] loaded module [lang-painless]
2022.12.10 21:27:31 INFO  es[][o.e.p.PluginsService] loaded module [parent-join]
2022.12.10 21:27:31 INFO  es[][o.e.p.PluginsService] loaded module [reindex]
2022.12.10 21:27:31 INFO  es[][o.e.p.PluginsService] loaded module [transport-netty4]
2022.12.10 21:27:31 INFO  es[][o.e.p.PluginsService] no plugins loaded
2022.12.10 21:27:31 INFO  es[][o.e.e.NodeEnvironment] using [1] data paths, mounts [[DATADRIVE1 (D:)]], net usable_space [538.8gb], net total_space [931.3gb], types [NTFS]
2022.12.10 21:27:31 INFO  es[][o.e.e.NodeEnvironment] heap size [512mb], compressed ordinary object pointers [true]
2022.12.10 21:27:32 INFO  es[][o.e.n.Node] node name [sonarqube], node ID [cbRjyv1fTZaogjG9GRv9Zg], cluster name [sonarqube], roles [data_frozen, master, remote_cluster_client, data, data_content, data_hot, data_warm, data_cold, ingest]
2022.12.10 21:27:44 INFO  es[][o.e.t.NettyAllocator] creating NettyAllocator with the following configs: [name=unpooled, suggested_max_allocation_size=256kb, factors={es.unsafe.use_unpooled_allocator=null, g1gc_enabled=true, g1gc_region_size=1mb, heap_size=512mb}]
2022.12.10 21:27:44 INFO  es[][o.e.i.r.RecoverySettings] using rate limit [40mb] with [default=40mb, read=0b, write=0b, max=0b]
2022.12.10 21:27:44 INFO  es[][o.e.d.DiscoveryModule] using discovery type [zen] and seed hosts providers [settings]
2022.12.10 21:27:45 INFO  es[][o.e.g.DanglingIndicesState] gateway.auto_import_dangling_indices is disabled, dangling indices will not be automatically detected or imported and must be managed manually
2022.12.10 21:27:46 INFO  es[][o.e.n.Node] initialized
2022.12.10 21:27:46 INFO  es[][o.e.n.Node] starting ...
2022.12.10 21:27:47 INFO  es[][o.e.t.TransportService] publish_address {127.0.0.1:57001}, bound_addresses {127.0.0.1:57001}
2022.12.10 21:27:49 INFO  es[][o.e.c.c.Coordinator] cluster UUID [b3MdcDSPSjeirZliyQTtgQ]
2022.12.10 21:27:49 INFO  es[][o.e.c.s.MasterService] elected-as-master ([1] nodes joined)[{sonarqube}{cbRjyv1fTZaogjG9GRv9Zg}{Bb4mxubORseE1DMuDjkCFA}{127.0.0.1}{127.0.0.1:57001}{cdfhimrsw} elect leader, _BECOME_MASTER_TASK_, _FINISH_ELECTION_], term: 4, version: 45, delta: master node changed {previous [], current [{sonarqube}{cbRjyv1fTZaogjG9GRv9Zg}{Bb4mxubORseE1DMuDjkCFA}{127.0.0.1}{127.0.0.1:57001}{cdfhimrsw}]}
2022.12.10 21:27:50 INFO  es[][o.e.c.s.ClusterApplierService] master node changed {previous [], current [{sonarqube}{cbRjyv1fTZaogjG9GRv9Zg}{Bb4mxubORseE1DMuDjkCFA}{127.0.0.1}{127.0.0.1:57001}{cdfhimrsw}]}, term: 4, version: 45, reason: Publication{term=4, version=45}
2022.12.10 21:27:50 ERROR es[][o.e.b.Bootstrap] Exception
org.elasticsearch.http.BindHttpException: Failed to bind to 127.0.0.1:9001
	at org.elasticsearch.http.AbstractHttpServerTransport.bindAddress(AbstractHttpServerTransport.java:196) ~[elasticsearch-7.17.5.jar:7.17.5]
	at org.elasticsearch.http.AbstractHttpServerTransport.bindServer(AbstractHttpServerTransport.java:163) ~[elasticsearch-7.17.5.jar:7.17.5]
	at org.elasticsearch.http.netty4.Netty4HttpServerTransport.doStart(Netty4HttpServerTransport.java:255) ~[?:?]
	at org.elasticsearch.common.component.AbstractLifecycleComponent.start(AbstractLifecycleComponent.java:48) ~[elasticsearch-7.17.5.jar:7.17.5]
	at org.elasticsearch.node.Node.start(Node.java:1265) ~[elasticsearch-7.17.5.jar:7.17.5]
	at org.elasticsearch.bootstrap.Bootstrap.start(Bootstrap.java:335) ~[elasticsearch-7.17.5.jar:7.17.5]
	at org.elasticsearch.bootstrap.Bootstrap.init(Bootstrap.java:443) [elasticsearch-7.17.5.jar:7.17.5]
	at org.elasticsearch.bootstrap.Elasticsearch.init(Elasticsearch.java:169) [elasticsearch-7.17.5.jar:7.17.5]
	at org.elasticsearch.bootstrap.Elasticsearch.execute(Elasticsearch.java:160) [elasticsearch-7.17.5.jar:7.17.5]
	at org.elasticsearch.cli.EnvironmentAwareCommand.execute(EnvironmentAwareCommand.java:77) [elasticsearch-7.17.5.jar:7.17.5]
	at org.elasticsearch.cli.Command.mainWithoutErrorHandling(Command.java:112) [elasticsearch-cli-7.17.5.jar:7.17.5]
	at org.elasticsearch.cli.Command.main(Command.java:77) [elasticsearch-cli-7.17.5.jar:7.17.5]
	at org.elasticsearch.bootstrap.Elasticsearch.main(Elasticsearch.java:125) [elasticsearch-7.17.5.jar:7.17.5]
	at org.elasticsearch.bootstrap.Elasticsearch.main(Elasticsearch.java:80) [elasticsearch-7.17.5.jar:7.17.5]
Caused by: java.net.BindException: Address already in use: bind
	at sun.nio.ch.Net.bind0(Native Method) ~[?:?]
	at sun.nio.ch.Net.bind(Net.java:455) ~[?:?]
	at sun.nio.ch.Net.bind(Net.java:447) ~[?:?]
	at sun.nio.ch.ServerSocketChannelImpl.bind(ServerSocketChannelImpl.java:227) ~[?:?]
	at io.netty.channel.socket.nio.NioServerSocketChannel.doBind(NioServerSocketChannel.java:134) ~[?:?]
	at io.netty.channel.AbstractChannel$AbstractUnsafe.bind(AbstractChannel.java:562) ~[?:?]
	at io.netty.channel.DefaultChannelPipeline$HeadContext.bind(DefaultChannelPipeline.java:1334) ~[?:?]
	at io.netty.channel.AbstractChannelHandlerContext.invokeBind(AbstractChannelHandlerContext.java:506) ~[?:?]
	at io.netty.channel.AbstractChannelHandlerContext.bind(AbstractChannelHandlerContext.java:491) ~[?:?]
	at io.netty.channel.DefaultChannelPipeline.bind(DefaultChannelPipeline.java:973) ~[?:?]
	at io.netty.channel.AbstractChannel.bind(AbstractChannel.java:260) ~[?:?]
	at io.netty.bootstrap.AbstractBootstrap$2.run(AbstractBootstrap.java:356) ~[?:?]
	at io.netty.util.concurrent.AbstractEventExecutor.safeExecute(AbstractEventExecutor.java:164) ~[?:?]
	at io.netty.util.concurrent.SingleThreadEventExecutor.runAllTasks(SingleThreadEventExecutor.java:469) ~[?:?]
	at io.netty.channel.nio.NioEventLoop.run(NioEventLoop.java:500) ~[?:?]
	at io.netty.util.concurrent.SingleThreadEventExecutor$4.run(SingleThreadEventExecutor.java:986) ~[?:?]
	at io.netty.util.internal.ThreadExecutorMap$2.run(ThreadExecutorMap.java:74) ~[?:?]
	at java.lang.Thread.run(Thread.java:829) ~[?:?]
2022.12.10 21:27:50 ERROR es[][o.e.b.ElasticsearchUncaughtExceptionHandler] uncaught exception in thread [main]
org.elasticsearch.bootstrap.StartupException: BindHttpException[Failed to bind to 127.0.0.1:9001]; nested: BindException[Address already in use: bind];
	at org.elasticsearch.bootstrap.Elasticsearch.init(Elasticsearch.java:173) ~[elasticsearch-7.17.5.jar:7.17.5]
	at org.elasticsearch.bootstrap.Elasticsearch.execute(Elasticsearch.java:160) ~[elasticsearch-7.17.5.jar:7.17.5]
	at org.elasticsearch.cli.EnvironmentAwareCommand.execute(EnvironmentAwareCommand.java:77) ~[elasticsearch-7.17.5.jar:7.17.5]
	at org.elasticsearch.cli.Command.mainWithoutErrorHandling(Command.java:112) ~[elasticsearch-cli-7.17.5.jar:7.17.5]
	at org.elasticsearch.cli.Command.main(Command.java:77) ~[elasticsearch-cli-7.17.5.jar:7.17.5]
	at org.elasticsearch.bootstrap.Elasticsearch.main(Elasticsearch.java:125) ~[elasticsearch-7.17.5.jar:7.17.5]
	at org.elasticsearch.bootstrap.Elasticsearch.main(Elasticsearch.java:80) ~[elasticsearch-7.17.5.jar:7.17.5]
Caused by: org.elasticsearch.http.BindHttpException: Failed to bind to 127.0.0.1:9001
	at org.elasticsearch.http.AbstractHttpServerTransport.bindAddress(AbstractHttpServerTransport.java:196) ~[elasticsearch-7.17.5.jar:7.17.5]
	at org.elasticsearch.http.AbstractHttpServerTransport.bindServer(AbstractHttpServerTransport.java:163) ~[elasticsearch-7.17.5.jar:7.17.5]
	at org.elasticsearch.http.netty4.Netty4HttpServerTransport.doStart(Netty4HttpServerTransport.java:255) ~[?:?]
	at org.elasticsearch.common.component.AbstractLifecycleComponent.start(AbstractLifecycleComponent.java:48) ~[elasticsearch-7.17.5.jar:7.17.5]
	at org.elasticsearch.node.Node.start(Node.java:1265) ~[elasticsearch-7.17.5.jar:7.17.5]
	at org.elasticsearch.bootstrap.Bootstrap.start(Bootstrap.java:335) ~[elasticsearch-7.17.5.jar:7.17.5]
	at org.elasticsearch.bootstrap.Bootstrap.init(Bootstrap.java:443) ~[elasticsearch-7.17.5.jar:7.17.5]
	at org.elasticsearch.bootstrap.Elasticsearch.init(Elasticsearch.java:169) ~[elasticsearch-7.17.5.jar:7.17.5]
	... 6 more
Caused by: java.net.BindException: Address already in use: bind
	at sun.nio.ch.Net.bind0(Native Method) ~[?:?]
	at sun.nio.ch.Net.bind(Net.java:455) ~[?:?]
	at sun.nio.ch.Net.bind(Net.java:447) ~[?:?]
	at sun.nio.ch.ServerSocketChannelImpl.bind(ServerSocketChannelImpl.java:227) ~[?:?]
	at io.netty.channel.socket.nio.NioServerSocketChannel.doBind(NioServerSocketChannel.java:134) ~[?:?]
	at io.netty.channel.AbstractChannel$AbstractUnsafe.bind(AbstractChannel.java:562) ~[?:?]
	at io.netty.channel.DefaultChannelPipeline$HeadContext.bind(DefaultChannelPipeline.java:1334) ~[?:?]
	at io.netty.channel.AbstractChannelHandlerContext.invokeBind(AbstractChannelHandlerContext.java:506) ~[?:?]
	at io.netty.channel.AbstractChannelHandlerContext.bind(AbstractChannelHandlerContext.java:491) ~[?:?]
	at io.netty.channel.DefaultChannelPipeline.bind(DefaultChannelPipeline.java:973) ~[?:?]
	at io.netty.channel.AbstractChannel.bind(AbstractChannel.java:260) ~[?:?]
	at io.netty.bootstrap.AbstractBootstrap$2.run(AbstractBootstrap.java:356) ~[?:?]
	at io.netty.util.concurrent.AbstractEventExecutor.safeExecute(AbstractEventExecutor.java:164) ~[?:?]
	at io.netty.util.concurrent.SingleThreadEventExecutor.runAllTasks(SingleThreadEventExecutor.java:469) ~[?:?]
	at io.netty.channel.nio.NioEventLoop.run(NioEventLoop.java:500) ~[?:?]
	at io.netty.util.concurrent.SingleThreadEventExecutor$4.run(SingleThreadEventExecutor.java:986) ~[?:?]
	at io.netty.util.internal.ThreadExecutorMap$2.run(ThreadExecutorMap.java:74) ~[?:?]
	at java.lang.Thread.run(Thread.java:829) [?:?]
2022.12.10 21:27:50 INFO  es[][o.e.n.Node] stopping ...
2022.12.10 21:27:50 INFO  es[][o.e.g.GatewayService] recovered [7] indices into cluster_state
2022.12.10 21:27:50 INFO  es[][o.e.n.Node] stopped
2022.12.10 21:27:50 INFO  es[][o.e.n.Node] closing ...
2022.12.10 21:27:50 INFO  es[][o.e.n.Node] closed
2022.12.10 21:28:39 INFO  es[][o.e.n.Node] version[7.17.5], pid[9292], build[unknown/unknown/8d61b4f7ddf931f219e3745f295ed2bbc50c8e84/2022-06-23T21:57:28.736740635Z], OS[Windows 10/10.0/amd64], JVM[Microsoft/OpenJDK 64-Bit Server VM/11.0.12/11.0.12+7]
2022.12.10 21:28:39 INFO  es[][o.e.n.Node] JVM home [C:\Program Files\Microsoft\jdk-11.0.12.7-hotspot]
2022.12.10 21:28:39 INFO  es[][o.e.n.Node] JVM arguments [-XX:+UseG1GC, -Djava.io.tmpdir=D:\Facultate\Anul_3\.NET\VetAppointment_S12\sonarqube-9.7.1.62043\temp, -XX:ErrorFile=../logs/es_hs_err_pid%p.log, -Des.networkaddress.cache.ttl=60, -Des.networkaddress.cache.negative.ttl=10, -XX:+AlwaysPreTouch, -Xss1m, -Djava.awt.headless=true, -Dfile.encoding=UTF-8, -Djna.nosys=true, -Djna.tmpdir=D:\Facultate\Anul_3\.NET\VetAppointment_S12\sonarqube-9.7.1.62043\temp, -XX:-OmitStackTraceInFastThrow, -Dio.netty.noUnsafe=true, -Dio.netty.noKeySetOptimization=true, -Dio.netty.recycler.maxCapacityPerThread=0, -Dio.netty.allocator.numDirectArenas=0, -Dlog4j.shutdownHookEnabled=false, -Dlog4j2.disable.jmx=true, -Dlog4j2.formatMsgNoLookups=true, -Djava.locale.providers=COMPAT, -Dcom.redhat.fips=false, -Xmx512m, -Xms512m, -XX:MaxDirectMemorySize=256m, -XX:+HeapDumpOnOutOfMemoryError, -Delasticsearch, -Des.path.home=D:\Facultate\Anul_3\.NET\VetAppointment_S12\sonarqube-9.7.1.62043\elasticsearch, -Des.path.conf=D:\Facultate\Anul_3\.NET\VetAppointment_S12\sonarqube-9.7.1.62043\temp\conf\es]
2022.12.10 21:28:40 INFO  es[][o.e.p.PluginsService] loaded module [analysis-common]
2022.12.10 21:28:40 INFO  es[][o.e.p.PluginsService] loaded module [lang-painless]
2022.12.10 21:28:40 INFO  es[][o.e.p.PluginsService] loaded module [parent-join]
2022.12.10 21:28:40 INFO  es[][o.e.p.PluginsService] loaded module [reindex]
2022.12.10 21:28:40 INFO  es[][o.e.p.PluginsService] loaded module [transport-netty4]
2022.12.10 21:28:40 INFO  es[][o.e.p.PluginsService] no plugins loaded
2022.12.10 21:28:40 INFO  es[][o.e.e.NodeEnvironment] using [1] data paths, mounts [[DATADRIVE1 (D:)]], net usable_space [538.8gb], net total_space [931.3gb], types [NTFS]
2022.12.10 21:28:40 INFO  es[][o.e.e.NodeEnvironment] heap size [512mb], compressed ordinary object pointers [true]
2022.12.10 21:28:41 INFO  es[][o.e.n.Node] node name [sonarqube], node ID [cbRjyv1fTZaogjG9GRv9Zg], cluster name [sonarqube], roles [data_frozen, master, remote_cluster_client, data, data_content, data_hot, data_warm, data_cold, ingest]
2022.12.10 21:28:53 INFO  es[][o.e.t.NettyAllocator] creating NettyAllocator with the following configs: [name=unpooled, suggested_max_allocation_size=256kb, factors={es.unsafe.use_unpooled_allocator=null, g1gc_enabled=true, g1gc_region_size=1mb, heap_size=512mb}]
2022.12.10 21:28:53 INFO  es[][o.e.i.r.RecoverySettings] using rate limit [40mb] with [default=40mb, read=0b, write=0b, max=0b]
2022.12.10 21:28:53 INFO  es[][o.e.d.DiscoveryModule] using discovery type [zen] and seed hosts providers [settings]
2022.12.10 21:28:54 INFO  es[][o.e.g.DanglingIndicesState] gateway.auto_import_dangling_indices is disabled, dangling indices will not be automatically detected or imported and must be managed manually
2022.12.10 21:28:54 INFO  es[][o.e.n.Node] initialized
2022.12.10 21:28:54 INFO  es[][o.e.n.Node] starting ...
2022.12.10 21:28:56 INFO  es[][o.e.t.TransportService] publish_address {127.0.0.1:57088}, bound_addresses {127.0.0.1:57088}
2022.12.10 21:28:58 INFO  es[][o.e.c.c.Coordinator] cluster UUID [b3MdcDSPSjeirZliyQTtgQ]
2022.12.10 21:28:58 INFO  es[][o.e.c.s.MasterService] elected-as-master ([1] nodes joined)[{sonarqube}{cbRjyv1fTZaogjG9GRv9Zg}{0r4HvVCJT3SXYmp19zugxA}{127.0.0.1}{127.0.0.1:57088}{cdfhimrsw} elect leader, _BECOME_MASTER_TASK_, _FINISH_ELECTION_], term: 5, version: 47, delta: master node changed {previous [], current [{sonarqube}{cbRjyv1fTZaogjG9GRv9Zg}{0r4HvVCJT3SXYmp19zugxA}{127.0.0.1}{127.0.0.1:57088}{cdfhimrsw}]}
2022.12.10 21:28:59 INFO  es[][o.e.c.s.ClusterApplierService] master node changed {previous [], current [{sonarqube}{cbRjyv1fTZaogjG9GRv9Zg}{0r4HvVCJT3SXYmp19zugxA}{127.0.0.1}{127.0.0.1:57088}{cdfhimrsw}]}, term: 5, version: 47, reason: Publication{term=5, version=47}
2022.12.10 21:28:59 INFO  es[][o.e.h.AbstractHttpServerTransport] publish_address {127.0.0.1:8088}, bound_addresses {127.0.0.1:8088}
2022.12.10 21:28:59 INFO  es[][o.e.n.Node] started
2022.12.10 21:28:59 INFO  es[][o.e.g.GatewayService] recovered [7] indices into cluster_state
2022.12.10 21:29:29 INFO  es[][o.e.c.r.a.AllocationService] Cluster health status changed from [RED] to [GREEN] (reason: [shards started [[metadatas][0]]]).
2022.12.10 21:55:21 INFO  es[][o.e.n.Node] version[7.17.5], pid[9304], build[unknown/unknown/8d61b4f7ddf931f219e3745f295ed2bbc50c8e84/2022-06-23T21:57:28.736740635Z], OS[Windows 10/10.0/amd64], JVM[Microsoft/OpenJDK 64-Bit Server VM/11.0.12/11.0.12+7]
2022.12.10 21:55:21 INFO  es[][o.e.n.Node] JVM home [C:\Program Files\Microsoft\jdk-11.0.12.7-hotspot]
2022.12.10 21:55:21 INFO  es[][o.e.n.Node] JVM arguments [-XX:+UseG1GC, -Djava.io.tmpdir=D:\Facultate\Anul_3\.NET\VetAppointment_S12\sonarqube-9.7.1.62043\temp, -XX:ErrorFile=../logs/es_hs_err_pid%p.log, -Des.networkaddress.cache.ttl=60, -Des.networkaddress.cache.negative.ttl=10, -XX:+AlwaysPreTouch, -Xss1m, -Djava.awt.headless=true, -Dfile.encoding=UTF-8, -Djna.nosys=true, -Djna.tmpdir=D:\Facultate\Anul_3\.NET\VetAppointment_S12\sonarqube-9.7.1.62043\temp, -XX:-OmitStackTraceInFastThrow, -Dio.netty.noUnsafe=true, -Dio.netty.noKeySetOptimization=true, -Dio.netty.recycler.maxCapacityPerThread=0, -Dio.netty.allocator.numDirectArenas=0, -Dlog4j.shutdownHookEnabled=false, -Dlog4j2.disable.jmx=true, -Dlog4j2.formatMsgNoLookups=true, -Djava.locale.providers=COMPAT, -Dcom.redhat.fips=false, -Xmx512m, -Xms512m, -XX:MaxDirectMemorySize=256m, -XX:+HeapDumpOnOutOfMemoryError, -Delasticsearch, -Des.path.home=D:\Facultate\Anul_3\.NET\VetAppointment_S12\sonarqube-9.7.1.62043\elasticsearch, -Des.path.conf=D:\Facultate\Anul_3\.NET\VetAppointment_S12\sonarqube-9.7.1.62043\temp\conf\es]
2022.12.10 21:55:22 INFO  es[][o.e.p.PluginsService] loaded module [analysis-common]
2022.12.10 21:55:22 INFO  es[][o.e.p.PluginsService] loaded module [lang-painless]
2022.12.10 21:55:22 INFO  es[][o.e.p.PluginsService] loaded module [parent-join]
2022.12.10 21:55:22 INFO  es[][o.e.p.PluginsService] loaded module [reindex]
2022.12.10 21:55:22 INFO  es[][o.e.p.PluginsService] loaded module [transport-netty4]
2022.12.10 21:55:22 INFO  es[][o.e.p.PluginsService] no plugins loaded
2022.12.10 21:55:22 INFO  es[][o.e.e.NodeEnvironment] using [1] data paths, mounts [[DATADRIVE1 (D:)]], net usable_space [538.8gb], net total_space [931.3gb], types [NTFS]
2022.12.10 21:55:22 INFO  es[][o.e.e.NodeEnvironment] heap size [512mb], compressed ordinary object pointers [true]
2022.12.10 21:55:22 INFO  es[][o.e.n.Node] node name [sonarqube], node ID [cbRjyv1fTZaogjG9GRv9Zg], cluster name [sonarqube], roles [data_frozen, master, remote_cluster_client, data, data_content, data_hot, data_warm, data_cold, ingest]
2022.12.10 21:55:32 INFO  es[][o.e.t.NettyAllocator] creating NettyAllocator with the following configs: [name=unpooled, suggested_max_allocation_size=256kb, factors={es.unsafe.use_unpooled_allocator=null, g1gc_enabled=true, g1gc_region_size=1mb, heap_size=512mb}]
2022.12.10 21:55:32 INFO  es[][o.e.i.r.RecoverySettings] using rate limit [40mb] with [default=40mb, read=0b, write=0b, max=0b]
2022.12.10 21:55:32 INFO  es[][o.e.d.DiscoveryModule] using discovery type [zen] and seed hosts providers [settings]
2022.12.10 21:55:33 INFO  es[][o.e.g.DanglingIndicesState] gateway.auto_import_dangling_indices is disabled, dangling indices will not be automatically detected or imported and must be managed manually
2022.12.10 21:55:33 INFO  es[][o.e.n.Node] initialized
2022.12.10 21:55:33 INFO  es[][o.e.n.Node] starting ...
2022.12.10 21:55:34 INFO  es[][o.e.t.TransportService] publish_address {127.0.0.1:57512}, bound_addresses {127.0.0.1:57512}
2022.12.10 21:55:36 INFO  es[][o.e.c.c.Coordinator] cluster UUID [b3MdcDSPSjeirZliyQTtgQ]
2022.12.10 21:55:36 INFO  es[][o.e.c.s.MasterService] elected-as-master ([1] nodes joined)[{sonarqube}{cbRjyv1fTZaogjG9GRv9Zg}{i-tJpIWpQ-ewE_2ESja6xw}{127.0.0.1}{127.0.0.1:57512}{cdfhimrsw} elect leader, _BECOME_MASTER_TASK_, _FINISH_ELECTION_], term: 6, version: 72, delta: master node changed {previous [], current [{sonarqube}{cbRjyv1fTZaogjG9GRv9Zg}{i-tJpIWpQ-ewE_2ESja6xw}{127.0.0.1}{127.0.0.1:57512}{cdfhimrsw}]}
2022.12.10 21:55:37 INFO  es[][o.e.c.s.ClusterApplierService] master node changed {previous [], current [{sonarqube}{cbRjyv1fTZaogjG9GRv9Zg}{i-tJpIWpQ-ewE_2ESja6xw}{127.0.0.1}{127.0.0.1:57512}{cdfhimrsw}]}, term: 6, version: 72, reason: Publication{term=6, version=72}
2022.12.10 21:55:37 INFO  es[][o.e.h.AbstractHttpServerTransport] publish_address {127.0.0.1:8088}, bound_addresses {127.0.0.1:8088}
2022.12.10 21:55:37 INFO  es[][o.e.n.Node] started
2022.12.10 21:55:37 INFO  es[][o.e.g.GatewayService] recovered [7] indices into cluster_state
2022.12.10 21:55:52 INFO  es[][o.e.c.r.a.AllocationService] Cluster health status changed from [RED] to [GREEN] (reason: [shards started [[components][2], [components][3], [components][1]]]).
2022.12.10 22:12:40 INFO  es[][o.e.n.Node] version[7.17.5], pid[16800], build[unknown/unknown/8d61b4f7ddf931f219e3745f295ed2bbc50c8e84/2022-06-23T21:57:28.736740635Z], OS[Windows 10/10.0/amd64], JVM[Microsoft/OpenJDK 64-Bit Server VM/11.0.12/11.0.12+7]
2022.12.10 22:12:40 INFO  es[][o.e.n.Node] JVM home [C:\Program Files\Microsoft\jdk-11.0.12.7-hotspot]
2022.12.10 22:12:40 INFO  es[][o.e.n.Node] JVM arguments [-XX:+UseG1GC, -Djava.io.tmpdir=D:\Facultate\Anul_3\.NET\VetAppointment_S12\sonarqube-9.7.1.62043\temp, -XX:ErrorFile=../logs/es_hs_err_pid%p.log, -Des.networkaddress.cache.ttl=60, -Des.networkaddress.cache.negative.ttl=10, -XX:+AlwaysPreTouch, -Xss1m, -Djava.awt.headless=true, -Dfile.encoding=UTF-8, -Djna.nosys=true, -Djna.tmpdir=D:\Facultate\Anul_3\.NET\VetAppointment_S12\sonarqube-9.7.1.62043\temp, -XX:-OmitStackTraceInFastThrow, -Dio.netty.noUnsafe=true, -Dio.netty.noKeySetOptimization=true, -Dio.netty.recycler.maxCapacityPerThread=0, -Dio.netty.allocator.numDirectArenas=0, -Dlog4j.shutdownHookEnabled=false, -Dlog4j2.disable.jmx=true, -Dlog4j2.formatMsgNoLookups=true, -Djava.locale.providers=COMPAT, -Dcom.redhat.fips=false, -Xmx512m, -Xms512m, -XX:MaxDirectMemorySize=256m, -XX:+HeapDumpOnOutOfMemoryError, -Delasticsearch, -Des.path.home=D:\Facultate\Anul_3\.NET\VetAppointment_S12\sonarqube-9.7.1.62043\elasticsearch, -Des.path.conf=D:\Facultate\Anul_3\.NET\VetAppointment_S12\sonarqube-9.7.1.62043\temp\conf\es]
2022.12.10 22:12:42 INFO  es[][o.e.p.PluginsService] loaded module [analysis-common]
2022.12.10 22:12:42 INFO  es[][o.e.p.PluginsService] loaded module [lang-painless]
2022.12.10 22:12:42 INFO  es[][o.e.p.PluginsService] loaded module [parent-join]
2022.12.10 22:12:42 INFO  es[][o.e.p.PluginsService] loaded module [reindex]
2022.12.10 22:12:42 INFO  es[][o.e.p.PluginsService] loaded module [transport-netty4]
2022.12.10 22:12:42 INFO  es[][o.e.p.PluginsService] no plugins loaded
2022.12.10 22:12:42 INFO  es[][o.e.e.NodeEnvironment] using [1] data paths, mounts [[DATADRIVE1 (D:)]], net usable_space [538.8gb], net total_space [931.3gb], types [NTFS]
2022.12.10 22:12:42 INFO  es[][o.e.e.NodeEnvironment] heap size [512mb], compressed ordinary object pointers [true]
2022.12.10 22:12:43 INFO  es[][o.e.n.Node] node name [sonarqube], node ID [cbRjyv1fTZaogjG9GRv9Zg], cluster name [sonarqube], roles [data_frozen, master, remote_cluster_client, data, data_content, data_hot, data_warm, data_cold, ingest]
2022.12.10 22:12:54 INFO  es[][o.e.t.NettyAllocator] creating NettyAllocator with the following configs: [name=unpooled, suggested_max_allocation_size=256kb, factors={es.unsafe.use_unpooled_allocator=null, g1gc_enabled=true, g1gc_region_size=1mb, heap_size=512mb}]
2022.12.10 22:12:54 INFO  es[][o.e.i.r.RecoverySettings] using rate limit [40mb] with [default=40mb, read=0b, write=0b, max=0b]
2022.12.10 22:12:54 INFO  es[][o.e.d.DiscoveryModule] using discovery type [zen] and seed hosts providers [settings]
2022.12.10 22:12:55 INFO  es[][o.e.g.DanglingIndicesState] gateway.auto_import_dangling_indices is disabled, dangling indices will not be automatically detected or imported and must be managed manually
2022.12.10 22:12:55 INFO  es[][o.e.n.Node] initialized
2022.12.10 22:12:55 INFO  es[][o.e.n.Node] starting ...
2022.12.10 22:12:56 INFO  es[][o.e.t.TransportService] publish_address {127.0.0.1:52607}, bound_addresses {127.0.0.1:52607}
2022.12.10 22:12:57 INFO  es[][o.e.c.c.Coordinator] cluster UUID [b3MdcDSPSjeirZliyQTtgQ]
2022.12.10 22:12:57 INFO  es[][o.e.c.s.MasterService] elected-as-master ([1] nodes joined)[{sonarqube}{cbRjyv1fTZaogjG9GRv9Zg}{ECccAwsJQLmovpDnDSmppA}{127.0.0.1}{127.0.0.1:52607}{cdfhimrsw} elect leader, _BECOME_MASTER_TASK_, _FINISH_ELECTION_], term: 7, version: 92, delta: master node changed {previous [], current [{sonarqube}{cbRjyv1fTZaogjG9GRv9Zg}{ECccAwsJQLmovpDnDSmppA}{127.0.0.1}{127.0.0.1:52607}{cdfhimrsw}]}
2022.12.10 22:12:58 INFO  es[][o.e.c.s.ClusterApplierService] master node changed {previous [], current [{sonarqube}{cbRjyv1fTZaogjG9GRv9Zg}{ECccAwsJQLmovpDnDSmppA}{127.0.0.1}{127.0.0.1:52607}{cdfhimrsw}]}, term: 7, version: 92, reason: Publication{term=7, version=92}
2022.12.10 22:12:58 INFO  es[][o.e.h.AbstractHttpServerTransport] publish_address {127.0.0.1:8088}, bound_addresses {127.0.0.1:8088}
2022.12.10 22:12:58 INFO  es[][o.e.n.Node] started
2022.12.10 22:12:58 INFO  es[][o.e.g.GatewayService] recovered [7] indices into cluster_state
2022.12.10 22:13:10 INFO  es[][o.e.c.r.a.AllocationService] Cluster health status changed from [RED] to [GREEN] (reason: [shards started [[components][4], [components][0], [metadatas][0]]]).
